#
# There is insufficient memory for the Java Runtime Environment to continue.
# Native memory allocation (malloc) failed to allocate 1635216 bytes for Chunk::new
# Possible reasons:
#   The system is out of physical RAM or swap space
#   The process is running with CompressedOops enabled, and the Java Heap may be blocking the growth of the native heap
# Possible solutions:
#   Reduce memory load on the system
#   Increase physical memory or swap space
#   Check if swap backing store is full
#   Decrease Java heap size (-Xmx/-Xms)
#   Decrease number of Java threads
#   Decrease Java thread stack sizes (-Xss)
#   Set larger code cache with -XX:ReservedCodeCacheSize=
#   JVM is running with Unscaled Compressed Oops mode in which the Java heap is
#     placed in the first 4GB address space. The Java Heap base address is the
#     maximum limit for the native heap growth. Please use -XX:HeapBaseMinAddress
#     to set the Java Heap base and to place the Java Heap above 4GB virtual address.
# This output file may be truncated or incomplete.
#
#  Out of Memory Error (./src/hotspot/share/memory/arena.cpp:197), pid=248, tid=11616
#
# JRE version: OpenJDK Runtime Environment (11.0.11+9) (build 11.0.11+9-b60-7590822)
# Java VM: OpenJDK 64-Bit Server VM (11.0.11+9-b60-7590822, mixed mode, tiered, compressed oops, g1 gc, windows-amd64)
# No core dump will be written. Minidumps are not enabled by default on client versions of Windows
#

---------------  S U M M A R Y ------------

Command Line: --add-opens=java.base/java.util=ALL-UNNAMED --add-opens=java.base/java.lang=ALL-UNNAMED --add-opens=java.base/java.lang.invoke=ALL-UNNAMED --add-opens=java.base/java.util=ALL-UNNAMED --add-opens=java.prefs/java.util.prefs=ALL-UNNAMED --add-opens=java.prefs/java.util.prefs=ALL-UNNAMED --add-opens=java.base/java.nio.charset=ALL-UNNAMED --add-opens=java.base/java.net=ALL-UNNAMED --add-opens=java.base/java.util.concurrent.atomic=ALL-UNNAMED -Xmx2048m -Dfile.encoding=UTF-8 -Duser.country=NO -Duser.language=no -Duser.variant org.gradle.launcher.daemon.bootstrap.GradleDaemon 7.2

Host: Intel(R) Core(TM) i7-7500U CPU @ 2.70GHz, 4 cores, 7G,  Windows 10 , 64 bit Build 19041 (10.0.19041.1503)
Time: Wed Mar 16 20:28:39 2022 Vest-Europa (normaltid) elapsed time: 723.280797 seconds (0d 0h 12m 3s)

---------------  T H R E A D  ---------------

Current thread (0x00000258cd27c000):  JavaThread "C2 CompilerThread0" daemon [_thread_in_native, id=11616, stack(0x000000cfa8600000,0x000000cfa8700000)]


Current CompileTask:
C2: 723280 28593       4       sun.reflect.generics.parser.SignatureParser::parsePackageNameAndSimpleClassTypeSignature (119 bytes)

Stack: [0x000000cfa8600000,0x000000cfa8700000]
Native frames: (J=compiled Java code, j=interpreted, Vv=VM code, C=native code)
V  [jvm.dll+0x5f214a]
V  [jvm.dll+0x726fb5]
V  [jvm.dll+0x7285cd]
V  [jvm.dll+0x728c83]
V  [jvm.dll+0x243278]
V  [jvm.dll+0xbc53c]
V  [jvm.dll+0xbca3c]
V  [jvm.dll+0x353e3b]
V  [jvm.dll+0x321893]
V  [jvm.dll+0x320d8a]
V  [jvm.dll+0x1fc1e2]
V  [jvm.dll+0x1fb3d4]
V  [jvm.dll+0x183d6c]
V  [jvm.dll+0x209a57]
V  [jvm.dll+0x2082a1]
V  [jvm.dll+0x6ef58f]
V  [jvm.dll+0x6e80b5]
V  [jvm.dll+0x5f1036]
C  [ucrtbase.dll+0x21bb2]
C  [KERNEL32.DLL+0x17034]
C  [ntdll.dll+0x52651]


---------------  P R O C E S S  ---------------

Threads class SMR info:
_java_thread_list=0x00000258da59e990, length=88, elements={
0x00000258b365d800, 0x00000258cd253800, 0x00000258cd25f000, 0x00000258cdbe2800,
0x00000258cd26f000, 0x00000258cd271000, 0x00000258cd27c000, 0x00000258cd280800,
0x00000258cd284000, 0x00000258cdd58000, 0x00000258cf1b7800, 0x00000258ce05e800,
0x00000258ced8b000, 0x00000258d026c000, 0x00000258d026a800, 0x00000258d026e800,
0x00000258d0268800, 0x00000258d026f000, 0x00000258d026b000, 0x00000258d0269800,
0x00000258d0702000, 0x00000258d0706000, 0x00000258d0701800, 0x00000258d0704800,
0x00000258d409f000, 0x00000258d026c800, 0x00000258d026d800, 0x00000258d4099800,
0x00000258d4098000, 0x00000258d4098800, 0x00000258d4094800, 0x00000258d4096000,
0x00000258d4093800, 0x00000258d409a000, 0x00000258d409b000, 0x00000258d4095800,
0x00000258d409c000, 0x00000258d409c800, 0x00000258d4097000, 0x00000258d409d800,
0x00000258d409e800, 0x00000258d40a1000, 0x00000258d40a2800, 0x00000258d40a1800,
0x00000258d5c4a000, 0x00000258d5c47800, 0x00000258d5c48800, 0x00000258d5c44800,
0x00000258d5c50800, 0x00000258d5c51800, 0x00000258d5c52800, 0x00000258d5c4c800,
0x00000258d5c4f000, 0x00000258d5c4d800, 0x00000258d5c53000, 0x00000258d5c4e000,
0x00000258d5c50000, 0x00000258d0705800, 0x00000258d0707000, 0x00000258d0703000,
0x00000258d0708800, 0x00000258d0703800, 0x00000258d070e800, 0x00000258d070f000,
0x00000258d070b000, 0x00000258d0710000, 0x00000258d070a000, 0x00000258d070c000,
0x00000258d070c800, 0x00000258d070d800, 0x00000258cdd7f000, 0x00000258cdd7b800,
0x00000258cdd82000, 0x00000258cdd7c800, 0x00000258cdd85800, 0x00000258cdd86800,
0x00000258cdd87000, 0x00000258cdd84000, 0x00000258cdd88000, 0x00000258cdd88800,
0x00000258d5c45800, 0x00000258d1972000, 0x00000258d1970800, 0x00000258d1973000,
0x00000258d1971800, 0x00000258d1974000, 0x00000258d1974800, 0x00000258d1970000
}

Java Threads: ( => current thread )
  0x00000258b365d800 JavaThread "main" [_thread_blocked, id=2068, stack(0x000000cfa7a00000,0x000000cfa7b00000)]
  0x00000258cd253800 JavaThread "Reference Handler" daemon [_thread_blocked, id=7432, stack(0x000000cfa8100000,0x000000cfa8200000)]
  0x00000258cd25f000 JavaThread "Finalizer" daemon [_thread_blocked, id=7404, stack(0x000000cfa8200000,0x000000cfa8300000)]
  0x00000258cdbe2800 JavaThread "Signal Dispatcher" daemon [_thread_blocked, id=10608, stack(0x000000cfa8300000,0x000000cfa8400000)]
  0x00000258cd26f000 JavaThread "Attach Listener" daemon [_thread_blocked, id=7816, stack(0x000000cfa8400000,0x000000cfa8500000)]
  0x00000258cd271000 JavaThread "Service Thread" daemon [_thread_blocked, id=3488, stack(0x000000cfa8500000,0x000000cfa8600000)]
=>0x00000258cd27c000 JavaThread "C2 CompilerThread0" daemon [_thread_in_native, id=11616, stack(0x000000cfa8600000,0x000000cfa8700000)]
  0x00000258cd280800 JavaThread "C1 CompilerThread0" daemon [_thread_blocked, id=2920, stack(0x000000cfa8700000,0x000000cfa8800000)]
  0x00000258cd284000 JavaThread "Sweeper thread" daemon [_thread_blocked, id=14052, stack(0x000000cfa8800000,0x000000cfa8900000)]
  0x00000258cdd58000 JavaThread "Common-Cleaner" daemon [_thread_blocked, id=2804, stack(0x000000cfa8900000,0x000000cfa8a00000)]
  0x00000258cf1b7800 JavaThread "Daemon health stats" [_thread_blocked, id=11272, stack(0x000000cfa8e00000,0x000000cfa8f00000)]
  0x00000258ce05e800 JavaThread "Incoming local TCP Connector on port 52480" [_thread_in_native, id=17892, stack(0x000000cfa8b00000,0x000000cfa8c00000)]
  0x00000258ced8b000 JavaThread "Daemon periodic checks" [_thread_blocked, id=3500, stack(0x000000cfa8f00000,0x000000cfa9000000)]
  0x00000258d026c000 JavaThread "Cache worker for journal cache (C:\Users\HP\.gradle\caches\journal-1)" [_thread_blocked, id=4920, stack(0x000000cfa9900000,0x000000cfa9a00000)]
  0x00000258d026a800 JavaThread "File lock request listener" [_thread_in_native, id=1280, stack(0x000000cfa9a00000,0x000000cfa9b00000)]
  0x00000258d026e800 JavaThread "Cache worker for file hash cache (C:\Users\HP\.gradle\caches\7.2\fileHashes)" [_thread_blocked, id=12712, stack(0x000000cfa9b00000,0x000000cfa9c00000)]
  0x00000258d0268800 JavaThread "File watcher server" daemon [_thread_in_native, id=12956, stack(0x000000cfa9d00000,0x000000cfa9e00000)]
  0x00000258d026f000 JavaThread "File watcher consumer" daemon [_thread_blocked, id=17136, stack(0x000000cfa9e00000,0x000000cfa9f00000)]
  0x00000258d026b000 JavaThread "jar transforms" [_thread_blocked, id=6744, stack(0x000000cfa9f00000,0x000000cfaa000000)]
  0x00000258d0269800 JavaThread "jar transforms Thread 2" [_thread_blocked, id=1020, stack(0x000000cfaa000000,0x000000cfaa100000)]
  0x00000258d0702000 JavaThread "jar transforms Thread 3" [_thread_blocked, id=13916, stack(0x000000cfaa100000,0x000000cfaa200000)]
  0x00000258d0706000 JavaThread "jar transforms Thread 4" [_thread_blocked, id=10568, stack(0x000000cfaa200000,0x000000cfaa300000)]
  0x00000258d0701800 JavaThread "Cache worker for execution history cache (C:\Users\HP\.gradle\caches\7.2\executionHistory)" [_thread_in_native, id=16228, stack(0x000000cfaa600000,0x000000cfaa700000)]
  0x00000258d0704800 JavaThread "Cache worker for file content cache (C:\Users\HP\.gradle\caches\7.2\fileContent)" [_thread_blocked, id=10432, stack(0x000000cfaa700000,0x000000cfaa800000)]
  0x00000258d409f000 JavaThread "Memory manager" [_thread_blocked, id=584, stack(0x000000cfad200000,0x000000cfad300000)]
  0x00000258d026c800 JavaThread "Daemon Thread 3" [_thread_blocked, id=12944, stack(0x000000cfa7700000,0x000000cfa7800000)]
  0x00000258d026d800 JavaThread "Handler for socket connection from /127.0.0.1:52480 to /127.0.0.1:52656" [_thread_in_native, id=17880, stack(0x000000cfa7800000,0x000000cfa7900000)]
  0x00000258d4099800 JavaThread "Cancel handler" [_thread_blocked, id=14448, stack(0x000000cfa7900000,0x000000cfa7a00000)]
  0x00000258d4098000 JavaThread "Daemon worker Thread 3" [_thread_blocked, id=6452, stack(0x000000cfa9000000,0x000000cfa9100000)]
  0x00000258d4098800 JavaThread "Asynchronous log dispatcher for DefaultDaemonConnection: socket connection from /127.0.0.1:52480 to /127.0.0.1:52656" [_thread_blocked, id=14816, stack(0x000000cfa9300000,0x000000cfa9400000)]
  0x00000258d4094800 JavaThread "Stdin handler" [_thread_blocked, id=3840, stack(0x000000cfa9400000,0x000000cfa9500000)]
  0x00000258d4096000 JavaThread "Daemon client event forwarder" [_thread_blocked, id=15440, stack(0x000000cfa9500000,0x000000cfa9600000)]
  0x00000258d4093800 JavaThread "Cache worker for file hash cache (C:\Users\HP\Documents\GitHub\IN2000---gruppe-3\.gradle\7.2\fileHashes)" [_thread_blocked, id=17460, stack(0x000000cfa9600000,0x000000cfa9700000)]
  0x00000258d409a000 JavaThread "Cache worker for checksums cache (C:\Users\HP\Documents\GitHub\IN2000---gruppe-3\.gradle\checksums)" [_thread_blocked, id=18016, stack(0x000000cfa9800000,0x000000cfa9900000)]
  0x00000258d409b000 JavaThread "Cache worker for cache directory md-supplier (C:\Users\HP\.gradle\caches\7.2\md-supplier)" [_thread_blocked, id=11380, stack(0x000000cfa9c00000,0x000000cfa9d00000)]
  0x00000258d4095800 JavaThread "Cache worker for cache directory md-rule (C:\Users\HP\.gradle\caches\7.2\md-rule)" [_thread_blocked, id=7840, stack(0x000000cfaa300000,0x000000cfaa400000)]
  0x00000258d409c000 JavaThread "Cache worker for dependencies-accessors (C:\Users\HP\Documents\GitHub\IN2000---gruppe-3\.gradle\7.2\dependencies-accessors)" [_thread_blocked, id=15020, stack(0x000000cfaa400000,0x000000cfaa500000)]
  0x00000258d409c800 JavaThread "Cache worker for Build Output Cleanup Cache (C:\Users\HP\Documents\GitHub\IN2000---gruppe-3\.gradle\buildOutputCleanup)" [_thread_blocked, id=6408, stack(0x000000cfaa500000,0x000000cfaa600000)]
  0x00000258d4097000 JavaThread "Unconstrained build operations" [_thread_blocked, id=19308, stack(0x000000cfaa800000,0x000000cfaa900000)]
  0x00000258d409d800 JavaThread "Unconstrained build operations Thread 2" [_thread_blocked, id=9060, stack(0x000000cfaa900000,0x000000cfaaa00000)]
  0x00000258d409e800 JavaThread "Unconstrained build operations Thread 3" [_thread_blocked, id=17036, stack(0x000000cfaaa00000,0x000000cfaab00000)]
  0x00000258d40a1000 JavaThread "Unconstrained build operations Thread 4" [_thread_blocked, id=16340, stack(0x000000cfaab00000,0x000000cfaac00000)]
  0x00000258d40a2800 JavaThread "Unconstrained build operations Thread 5" [_thread_blocked, id=3768, stack(0x000000cfaad00000,0x000000cfaae00000)]
  0x00000258d40a1800 JavaThread "Unconstrained build operations Thread 6" [_thread_blocked, id=15124, stack(0x000000cfaae00000,0x000000cfaaf00000)]
  0x00000258d5c4a000 JavaThread "Unconstrained build operations Thread 7" [_thread_blocked, id=15804, stack(0x000000cfaaf00000,0x000000cfab000000)]
  0x00000258d5c47800 JavaThread "Unconstrained build operations Thread 8" [_thread_blocked, id=18448, stack(0x000000cfab100000,0x000000cfab200000)]
  0x00000258d5c48800 JavaThread "Unconstrained build operations Thread 9" [_thread_blocked, id=18184, stack(0x000000cfab200000,0x000000cfab300000)]
  0x00000258d5c44800 JavaThread "Unconstrained build operations Thread 10" [_thread_blocked, id=8380, stack(0x000000cfab300000,0x000000cfab400000)]
  0x00000258d5c50800 JavaThread "Unconstrained build operations Thread 11" [_thread_blocked, id=3168, stack(0x000000cfab400000,0x000000cfab500000)]
  0x00000258d5c51800 JavaThread "Unconstrained build operations Thread 12" [_thread_blocked, id=18900, stack(0x000000cfab500000,0x000000cfab600000)]
  0x00000258d5c52800 JavaThread "Unconstrained build operations Thread 13" [_thread_blocked, id=16936, stack(0x000000cfab600000,0x000000cfab700000)]
  0x00000258d5c4c800 JavaThread "Unconstrained build operations Thread 14" [_thread_blocked, id=10048, stack(0x000000cfab700000,0x000000cfab800000)]
  0x00000258d5c4f000 JavaThread "Unconstrained build operations Thread 15" [_thread_blocked, id=10896, stack(0x000000cfab800000,0x000000cfab900000)]
  0x00000258d5c4d800 JavaThread "Unconstrained build operations Thread 16" [_thread_blocked, id=18952, stack(0x000000cfab900000,0x000000cfaba00000)]
  0x00000258d5c53000 JavaThread "Unconstrained build operations Thread 17" [_thread_blocked, id=18176, stack(0x000000cfaba00000,0x000000cfabb00000)]
  0x00000258d5c4e000 JavaThread "Unconstrained build operations Thread 18" [_thread_blocked, id=11484, stack(0x000000cfabb00000,0x000000cfabc00000)]
  0x00000258d5c50000 JavaThread "Unconstrained build operations Thread 19" [_thread_blocked, id=6620, stack(0x000000cfabc00000,0x000000cfabd00000)]
  0x00000258d0705800 JavaThread "Unconstrained build operations Thread 20" [_thread_blocked, id=8544, stack(0x000000cfabd00000,0x000000cfabe00000)]
  0x00000258d0707000 JavaThread "Unconstrained build operations Thread 21" [_thread_blocked, id=9800, stack(0x000000cfabe00000,0x000000cfabf00000)]
  0x00000258d0703000 JavaThread "Unconstrained build operations Thread 22" [_thread_blocked, id=16856, stack(0x000000cfabf00000,0x000000cfac000000)]
  0x00000258d0708800 JavaThread "Unconstrained build operations Thread 23" [_thread_blocked, id=11600, stack(0x000000cfac000000,0x000000cfac100000)]
  0x00000258d0703800 JavaThread "Unconstrained build operations Thread 24" [_thread_blocked, id=17992, stack(0x000000cfac100000,0x000000cfac200000)]
  0x00000258d070e800 JavaThread "Unconstrained build operations Thread 25" [_thread_blocked, id=9700, stack(0x000000cfac200000,0x000000cfac300000)]
  0x00000258d070f000 JavaThread "Unconstrained build operations Thread 26" [_thread_blocked, id=8536, stack(0x000000cfac300000,0x000000cfac400000)]
  0x00000258d070b000 JavaThread "Unconstrained build operations Thread 27" [_thread_blocked, id=17736, stack(0x000000cfac400000,0x000000cfac500000)]
  0x00000258d0710000 JavaThread "Unconstrained build operations Thread 28" [_thread_blocked, id=4316, stack(0x000000cfac500000,0x000000cfac600000)]
  0x00000258d070a000 JavaThread "Unconstrained build operations Thread 29" [_thread_blocked, id=2260, stack(0x000000cfac600000,0x000000cfac700000)]
  0x00000258d070c000 JavaThread "Unconstrained build operations Thread 30" [_thread_blocked, id=18560, stack(0x000000cfac700000,0x000000cfac800000)]
  0x00000258d070c800 JavaThread "Unconstrained build operations Thread 31" [_thread_in_native, id=16380, stack(0x000000cfac800000,0x000000cfac900000)]
  0x00000258d070d800 JavaThread "Unconstrained build operations Thread 32" [_thread_blocked, id=17156, stack(0x000000cfac900000,0x000000cfaca00000)]
  0x00000258cdd7f000 JavaThread "Unconstrained build operations Thread 33" [_thread_blocked, id=14428, stack(0x000000cfaca00000,0x000000cfacb00000)]
  0x00000258cdd7b800 JavaThread "Unconstrained build operations Thread 34" [_thread_blocked, id=10456, stack(0x000000cfacb00000,0x000000cfacc00000)]
  0x00000258cdd82000 JavaThread "Unconstrained build operations Thread 35" [_thread_blocked, id=14732, stack(0x000000cfacc00000,0x000000cfacd00000)]
  0x00000258cdd7c800 JavaThread "Unconstrained build operations Thread 36" [_thread_blocked, id=17448, stack(0x000000cfacd00000,0x000000cface00000)]
  0x00000258cdd85800 JavaThread "Unconstrained build operations Thread 37" [_thread_blocked, id=18288, stack(0x000000cface00000,0x000000cfacf00000)]
  0x00000258cdd86800 JavaThread "Unconstrained build operations Thread 38" [_thread_blocked, id=13556, stack(0x000000cfacf00000,0x000000cfad000000)]
  0x00000258cdd87000 JavaThread "Unconstrained build operations Thread 39" [_thread_blocked, id=13872, stack(0x000000cfad000000,0x000000cfad100000)]
  0x00000258cdd84000 JavaThread "Unconstrained build operations Thread 40" [_thread_in_native, id=15488, stack(0x000000cfad100000,0x000000cfad200000)]
  0x00000258cdd88000 JavaThread "build event listener" [_thread_blocked, id=10468, stack(0x000000cfad300000,0x000000cfad400000)]
  0x00000258cdd88800 JavaThread "build event listener" [_thread_blocked, id=6752, stack(0x000000cfad400000,0x000000cfad500000)]
  0x00000258d5c45800 JavaThread "Execution worker for ':'" [_thread_blocked, id=4684, stack(0x000000cfad500000,0x000000cfad600000)]
  0x00000258d1972000 JavaThread "Execution worker for ':' Thread 2" [_thread_blocked, id=16260, stack(0x000000cfad600000,0x000000cfad700000)]
  0x00000258d1970800 JavaThread "Execution worker for ':' Thread 3" [_thread_blocked, id=8520, stack(0x000000cfad700000,0x000000cfad800000)]
  0x00000258d1973000 JavaThread "Cache worker for execution history cache (C:\Users\HP\Documents\GitHub\IN2000---gruppe-3\.gradle\7.2\executionHistory)" [_thread_blocked, id=7228, stack(0x000000cfad800000,0x000000cfad900000)]
  0x00000258d1971800 JavaThread "WorkerExecutor Queue" [_thread_blocked, id=9492, stack(0x000000cfad900000,0x000000cfada00000)]
  0x00000258d1974000 JavaThread "WorkerExecutor Queue Thread 2" [_thread_blocked, id=11508, stack(0x000000cfada00000,0x000000cfadb00000)]
  0x00000258d1974800 JavaThread "WorkerExecutor Queue Thread 3" [_thread_blocked, id=14784, stack(0x000000cfadb00000,0x000000cfadc00000)]
  0x00000258d1970000 JavaThread "WorkerExecutor Queue Thread 4" [_thread_blocked, id=16676, stack(0x000000cfadc00000,0x000000cfadd00000)]

Other Threads:
  0x00000258cd24c000 VMThread "VM Thread" [stack: 0x000000cfa8000000,0x000000cfa8100000] [id=8788]
  0x00000258cdd8b000 WatcherThread [stack: 0x000000cfa8a00000,0x000000cfa8b00000] [id=12888]
  0x00000258b3675800 GCTaskThread "GC Thread#0" [stack: 0x000000cfa7b00000,0x000000cfa7c00000] [id=18220]
  0x00000258cdfc2800 GCTaskThread "GC Thread#1" [stack: 0x000000cfa8c00000,0x000000cfa8d00000] [id=1544]
  0x00000258cdfc3000 GCTaskThread "GC Thread#2" [stack: 0x000000cfa8d00000,0x000000cfa8e00000] [id=3384]
  0x00000258d0474800 GCTaskThread "GC Thread#3" [stack: 0x000000cfa9700000,0x000000cfa9800000] [id=17208]
  0x00000258b36a8800 ConcurrentGCThread "G1 Main Marker" [stack: 0x000000cfa7c00000,0x000000cfa7d00000] [id=12848]
  0x00000258b36a9800 ConcurrentGCThread "G1 Conc#0" [stack: 0x000000cfa7d00000,0x000000cfa7e00000] [id=13860]
  0x00000258b373a800 ConcurrentGCThread "G1 Refine#0" [stack: 0x000000cfa7e00000,0x000000cfa7f00000] [id=15744]
  0x00000258b373b800 ConcurrentGCThread "G1 Young RemSet Sampling" [stack: 0x000000cfa7f00000,0x000000cfa8000000] [id=18400]

Threads with active compile tasks:
C2 CompilerThread0 723472 28593       4       sun.reflect.generics.parser.SignatureParser::parsePackageNameAndSimpleClassTypeSignature (119 bytes)

VM state:not at safepoint (normal execution)

VM Mutex/Monitor currently owned by a thread: None

Heap address: 0x0000000080000000, size: 2048 MB, Compressed Oops mode: 32-bit
Narrow klass base: 0x0000000000000000, Narrow klass shift: 3
Compressed class space size: 1073741824 Address: 0x0000000100000000

Heap:
 garbage-first heap   total 328704K, used 245399K [0x0000000080000000, 0x0000000100000000)
  region size 1024K, 10 young (10240K), 2 survivors (2048K)
 Metaspace       used 201940K, capacity 206997K, committed 207156K, reserved 1228800K
  class space    used 25342K, capacity 27153K, committed 27264K, reserved 1048576K
Heap Regions: E=young(eden), S=young(survivor), O=old, HS=humongous(starts), HC=humongous(continues), CS=collection set, F=free, A=archive, TAMS=top-at-mark-start (previous, next)
|   0|0x0000000080000000, 0x0000000080100000, 0x0000000080100000|100%| O|  |TAMS 0x0000000080100000, 0x0000000080000000| Untracked 
|   1|0x0000000080100000, 0x0000000080200000, 0x0000000080200000|100%| O|  |TAMS 0x0000000080200000, 0x0000000080100000| Untracked 
|   2|0x0000000080200000, 0x0000000080300000, 0x0000000080300000|100%| O|  |TAMS 0x0000000080300000, 0x0000000080200000| Untracked 
|   3|0x0000000080300000, 0x0000000080400000, 0x0000000080400000|100%|HS|  |TAMS 0x0000000080400000, 0x0000000080300000| Complete 
|   4|0x0000000080400000, 0x0000000080500000, 0x0000000080500000|100%|HC|  |TAMS 0x0000000080500000, 0x0000000080400000| Complete 
|   5|0x0000000080500000, 0x0000000080600000, 0x0000000080600000|100%|HC|  |TAMS 0x0000000080600000, 0x0000000080500000| Complete 
|   6|0x0000000080600000, 0x0000000080700000, 0x0000000080700000|100%| O|  |TAMS 0x0000000080700000, 0x0000000080600000| Untracked 
|   7|0x0000000080700000, 0x0000000080800000, 0x0000000080800000|100%| O|  |TAMS 0x0000000080800000, 0x0000000080700000| Untracked 
|   8|0x0000000080800000, 0x0000000080900000, 0x0000000080900000|100%| O|  |TAMS 0x0000000080900000, 0x0000000080800000| Untracked 
|   9|0x0000000080900000, 0x0000000080a00000, 0x0000000080a00000|100%| O|  |TAMS 0x0000000080a00000, 0x0000000080900000| Untracked 
|  10|0x0000000080a00000, 0x0000000080b00000, 0x0000000080b00000|100%| O|  |TAMS 0x0000000080b00000, 0x0000000080a00000| Untracked 
|  11|0x0000000080b00000, 0x0000000080c00000, 0x0000000080c00000|100%| O|  |TAMS 0x0000000080c00000, 0x0000000080b00000| Untracked 
|  12|0x0000000080c00000, 0x0000000080d00000, 0x0000000080d00000|100%| O|  |TAMS 0x0000000080d00000, 0x0000000080c00000| Untracked 
|  13|0x0000000080d00000, 0x0000000080e00000, 0x0000000080e00000|100%| O|  |TAMS 0x0000000080e00000, 0x0000000080d00000| Untracked 
|  14|0x0000000080e00000, 0x0000000080f00000, 0x0000000080f00000|100%| O|  |TAMS 0x0000000080f00000, 0x0000000080e00000| Untracked 
|  15|0x0000000080f00000, 0x0000000081000000, 0x0000000081000000|100%| O|  |TAMS 0x0000000081000000, 0x0000000080f00000| Untracked 
|  16|0x0000000081000000, 0x0000000081100000, 0x0000000081100000|100%|HS|  |TAMS 0x0000000081100000, 0x0000000081000000| Complete 
|  17|0x0000000081100000, 0x0000000081200000, 0x0000000081200000|100%|HC|  |TAMS 0x0000000081200000, 0x0000000081100000| Complete 
|  18|0x0000000081200000, 0x0000000081300000, 0x0000000081300000|100%|HS|  |TAMS 0x0000000081300000, 0x0000000081200000| Complete 
|  19|0x0000000081300000, 0x0000000081400000, 0x0000000081400000|100%|HC|  |TAMS 0x0000000081400000, 0x0000000081300000| Complete 
|  20|0x0000000081400000, 0x0000000081500000, 0x0000000081500000|100%|HC|  |TAMS 0x0000000081500000, 0x0000000081400000| Complete 
|  21|0x0000000081500000, 0x0000000081600000, 0x0000000081600000|100%|HS|  |TAMS 0x0000000081600000, 0x0000000081500000| Complete 
|  22|0x0000000081600000, 0x0000000081700000, 0x0000000081700000|100%|HC|  |TAMS 0x0000000081700000, 0x0000000081600000| Complete 
|  23|0x0000000081700000, 0x0000000081800000, 0x0000000081800000|100%|HC|  |TAMS 0x0000000081800000, 0x0000000081700000| Complete 
|  24|0x0000000081800000, 0x0000000081900000, 0x0000000081900000|100%|HC|  |TAMS 0x0000000081900000, 0x0000000081800000| Complete 
|  25|0x0000000081900000, 0x0000000081a00000, 0x0000000081a00000|100%| O|  |TAMS 0x0000000081a00000, 0x0000000081900000| Untracked 
|  26|0x0000000081a00000, 0x0000000081b00000, 0x0000000081b00000|100%| O|  |TAMS 0x0000000081b00000, 0x0000000081a00000| Untracked 
|  27|0x0000000081b00000, 0x0000000081c00000, 0x0000000081c00000|100%| O|  |TAMS 0x0000000081c00000, 0x0000000081b00000| Untracked 
|  28|0x0000000081c00000, 0x0000000081d00000, 0x0000000081d00000|100%| O|  |TAMS 0x0000000081d00000, 0x0000000081c00000| Untracked 
|  29|0x0000000081d00000, 0x0000000081e00000, 0x0000000081e00000|100%| O|  |TAMS 0x0000000081e00000, 0x0000000081d00000| Untracked 
|  30|0x0000000081e00000, 0x0000000081f00000, 0x0000000081f00000|100%|HS|  |TAMS 0x0000000081f00000, 0x0000000081e00000| Complete 
|  31|0x0000000081f00000, 0x0000000082000000, 0x0000000082000000|100%|HC|  |TAMS 0x0000000082000000, 0x0000000081f00000| Complete 
|  32|0x0000000082000000, 0x0000000082100000, 0x0000000082100000|100%|HC|  |TAMS 0x0000000082100000, 0x0000000082000000| Complete 
|  33|0x0000000082100000, 0x0000000082200000, 0x0000000082200000|100%| O|  |TAMS 0x0000000082200000, 0x0000000082100000| Untracked 
|  34|0x0000000082200000, 0x0000000082300000, 0x0000000082300000|100%| O|  |TAMS 0x0000000082300000, 0x0000000082200000| Untracked 
|  35|0x0000000082300000, 0x0000000082400000, 0x0000000082400000|100%| O|  |TAMS 0x0000000082400000, 0x0000000082300000| Untracked 
|  36|0x0000000082400000, 0x0000000082500000, 0x0000000082500000|100%| O|  |TAMS 0x0000000082500000, 0x0000000082400000| Untracked 
|  37|0x0000000082500000, 0x0000000082600000, 0x0000000082600000|100%|HS|  |TAMS 0x0000000082600000, 0x0000000082500000| Complete 
|  38|0x0000000082600000, 0x0000000082700000, 0x0000000082700000|100%|HC|  |TAMS 0x0000000082700000, 0x0000000082600000| Complete 
|  39|0x0000000082700000, 0x0000000082800000, 0x0000000082800000|100%|HC|  |TAMS 0x0000000082800000, 0x0000000082700000| Complete 
|  40|0x0000000082800000, 0x0000000082900000, 0x0000000082900000|100%|HC|  |TAMS 0x0000000082900000, 0x0000000082800000| Complete 
|  41|0x0000000082900000, 0x0000000082a00000, 0x0000000082a00000|100%| O|  |TAMS 0x0000000082a00000, 0x0000000082900000| Untracked 
|  42|0x0000000082a00000, 0x0000000082b00000, 0x0000000082b00000|100%| O|  |TAMS 0x0000000082b00000, 0x0000000082a00000| Untracked 
|  43|0x0000000082b00000, 0x0000000082c00000, 0x0000000082c00000|100%| O|  |TAMS 0x0000000082c00000, 0x0000000082b00000| Untracked 
|  44|0x0000000082c00000, 0x0000000082d00000, 0x0000000082d00000|100%| O|  |TAMS 0x0000000082d00000, 0x0000000082c00000| Untracked 
|  45|0x0000000082d00000, 0x0000000082e00000, 0x0000000082e00000|100%| O|  |TAMS 0x0000000082e00000, 0x0000000082d00000| Untracked 
|  46|0x0000000082e00000, 0x0000000082f00000, 0x0000000082f00000|100%| O|  |TAMS 0x0000000082f00000, 0x0000000082e00000| Untracked 
|  47|0x0000000082f00000, 0x0000000083000000, 0x0000000083000000|100%| O|  |TAMS 0x0000000083000000, 0x0000000082f00000| Untracked 
|  48|0x0000000083000000, 0x0000000083100000, 0x0000000083100000|100%| O|  |TAMS 0x0000000083100000, 0x0000000083000000| Untracked 
|  49|0x0000000083100000, 0x0000000083200000, 0x0000000083200000|100%| O|  |TAMS 0x0000000083200000, 0x0000000083100000| Untracked 
|  50|0x0000000083200000, 0x0000000083300000, 0x0000000083300000|100%| O|  |TAMS 0x0000000083300000, 0x0000000083200000| Untracked 
|  51|0x0000000083300000, 0x0000000083400000, 0x0000000083400000|100%|HS|  |TAMS 0x0000000083400000, 0x0000000083300000| Complete 
|  52|0x0000000083400000, 0x0000000083500000, 0x0000000083500000|100%|HS|  |TAMS 0x0000000083500000, 0x0000000083400000| Complete 
|  53|0x0000000083500000, 0x0000000083600000, 0x0000000083600000|100%|HS|  |TAMS 0x0000000083600000, 0x0000000083500000| Complete 
|  54|0x0000000083600000, 0x0000000083700000, 0x0000000083700000|100%|HS|  |TAMS 0x0000000083700000, 0x0000000083600000| Complete 
|  55|0x0000000083700000, 0x0000000083800000, 0x0000000083800000|100%|HS|  |TAMS 0x0000000083800000, 0x0000000083700000| Complete 
|  56|0x0000000083800000, 0x0000000083900000, 0x0000000083900000|100%|HC|  |TAMS 0x0000000083900000, 0x0000000083800000| Complete 
|  57|0x0000000083900000, 0x0000000083a00000, 0x0000000083a00000|100%|HC|  |TAMS 0x0000000083a00000, 0x0000000083900000| Complete 
|  58|0x0000000083a00000, 0x0000000083b00000, 0x0000000083b00000|100%|HS|  |TAMS 0x0000000083b00000, 0x0000000083a00000| Complete 
|  59|0x0000000083b00000, 0x0000000083c00000, 0x0000000083c00000|100%|HC|  |TAMS 0x0000000083c00000, 0x0000000083b00000| Complete 
|  60|0x0000000083c00000, 0x0000000083d00000, 0x0000000083d00000|100%| O|  |TAMS 0x0000000083d00000, 0x0000000083c00000| Untracked 
|  61|0x0000000083d00000, 0x0000000083e00000, 0x0000000083e00000|100%| O|  |TAMS 0x0000000083e00000, 0x0000000083d00000| Untracked 
|  62|0x0000000083e00000, 0x0000000083f00000, 0x0000000083f00000|100%| O|  |TAMS 0x0000000083f00000, 0x0000000083e00000| Untracked 
|  63|0x0000000083f00000, 0x0000000084000000, 0x0000000084000000|100%| O|  |TAMS 0x0000000084000000, 0x0000000083f00000| Untracked 
|  64|0x0000000084000000, 0x0000000084100000, 0x0000000084100000|100%| O|  |TAMS 0x0000000084100000, 0x0000000084000000| Untracked 
|  65|0x0000000084100000, 0x0000000084200000, 0x0000000084200000|100%| O|  |TAMS 0x0000000084200000, 0x0000000084100000| Untracked 
|  66|0x0000000084200000, 0x0000000084300000, 0x0000000084300000|100%| O|  |TAMS 0x0000000084300000, 0x0000000084200000| Untracked 
|  67|0x0000000084300000, 0x0000000084400000, 0x0000000084400000|100%| O|  |TAMS 0x0000000084400000, 0x0000000084300000| Untracked 
|  68|0x0000000084400000, 0x0000000084500000, 0x0000000084500000|100%| O|  |TAMS 0x0000000084500000, 0x0000000084400000| Untracked 
|  69|0x0000000084500000, 0x0000000084600000, 0x0000000084600000|100%| O|  |TAMS 0x0000000084600000, 0x0000000084500000| Untracked 
|  70|0x0000000084600000, 0x0000000084700000, 0x0000000084700000|100%| O|  |TAMS 0x0000000084700000, 0x0000000084600000| Untracked 
|  71|0x0000000084700000, 0x0000000084800000, 0x0000000084800000|100%| O|  |TAMS 0x0000000084800000, 0x0000000084700000| Untracked 
|  72|0x0000000084800000, 0x0000000084900000, 0x0000000084900000|100%| O|  |TAMS 0x0000000084900000, 0x0000000084800000| Untracked 
|  73|0x0000000084900000, 0x0000000084a00000, 0x0000000084a00000|100%| O|  |TAMS 0x0000000084a00000, 0x0000000084900000| Untracked 
|  74|0x0000000084a00000, 0x0000000084b00000, 0x0000000084b00000|100%| O|  |TAMS 0x0000000084b00000, 0x0000000084a00000| Untracked 
|  75|0x0000000084b00000, 0x0000000084c00000, 0x0000000084c00000|100%| O|  |TAMS 0x0000000084c00000, 0x0000000084b00000| Untracked 
|  76|0x0000000084c00000, 0x0000000084d00000, 0x0000000084d00000|100%| O|  |TAMS 0x0000000084d00000, 0x0000000084c00000| Untracked 
|  77|0x0000000084d00000, 0x0000000084e00000, 0x0000000084e00000|100%| O|  |TAMS 0x0000000084e00000, 0x0000000084d00000| Untracked 
|  78|0x0000000084e00000, 0x0000000084f00000, 0x0000000084f00000|100%|HS|  |TAMS 0x0000000084f00000, 0x0000000084e00000| Complete 
|  79|0x0000000084f00000, 0x0000000085000000, 0x0000000085000000|100%|HC|  |TAMS 0x0000000085000000, 0x0000000084f00000| Complete 
|  80|0x0000000085000000, 0x0000000085100000, 0x0000000085100000|100%|HS|  |TAMS 0x0000000085100000, 0x0000000085000000| Complete 
|  81|0x0000000085100000, 0x0000000085200000, 0x0000000085200000|100%|HC|  |TAMS 0x0000000085200000, 0x0000000085100000| Complete 
|  82|0x0000000085200000, 0x0000000085300000, 0x0000000085300000|100%|HC|  |TAMS 0x0000000085300000, 0x0000000085200000| Complete 
|  83|0x0000000085300000, 0x0000000085400000, 0x0000000085400000|100%| O|  |TAMS 0x0000000085400000, 0x0000000085300000| Untracked 
|  84|0x0000000085400000, 0x0000000085500000, 0x0000000085500000|100%| O|  |TAMS 0x0000000085500000, 0x0000000085400000| Untracked 
|  85|0x0000000085500000, 0x0000000085600000, 0x0000000085600000|100%| O|  |TAMS 0x0000000085600000, 0x0000000085500000| Untracked 
|  86|0x0000000085600000, 0x0000000085700000, 0x0000000085700000|100%| O|  |TAMS 0x0000000085700000, 0x0000000085600000| Untracked 
|  87|0x0000000085700000, 0x0000000085800000, 0x0000000085800000|100%|HS|  |TAMS 0x0000000085800000, 0x0000000085700000| Complete 
|  88|0x0000000085800000, 0x0000000085900000, 0x0000000085900000|100%|HC|  |TAMS 0x0000000085900000, 0x0000000085800000| Complete 
|  89|0x0000000085900000, 0x0000000085a00000, 0x0000000085a00000|100%|HC|  |TAMS 0x0000000085a00000, 0x0000000085900000| Complete 
|  90|0x0000000085a00000, 0x0000000085b00000, 0x0000000085b00000|100%|HC|  |TAMS 0x0000000085b00000, 0x0000000085a00000| Complete 
|  91|0x0000000085b00000, 0x0000000085c00000, 0x0000000085c00000|100%| O|  |TAMS 0x0000000085c00000, 0x0000000085b00000| Untracked 
|  92|0x0000000085c00000, 0x0000000085d00000, 0x0000000085d00000|100%| O|  |TAMS 0x0000000085d00000, 0x0000000085c00000| Untracked 
|  93|0x0000000085d00000, 0x0000000085e00000, 0x0000000085e00000|100%| O|  |TAMS 0x0000000085e00000, 0x0000000085d00000| Untracked 
|  94|0x0000000085e00000, 0x0000000085f00000, 0x0000000085f00000|100%| O|  |TAMS 0x0000000085f00000, 0x0000000085e00000| Untracked 
|  95|0x0000000085f00000, 0x0000000086000000, 0x0000000086000000|100%| O|  |TAMS 0x0000000086000000, 0x0000000085f00000| Untracked 
|  96|0x0000000086000000, 0x0000000086100000, 0x0000000086100000|100%| O|  |TAMS 0x0000000086100000, 0x0000000086000000| Untracked 
|  97|0x0000000086100000, 0x0000000086200000, 0x0000000086200000|100%| O|  |TAMS 0x0000000086200000, 0x0000000086100000| Untracked 
|  98|0x0000000086200000, 0x0000000086300000, 0x0000000086300000|100%| O|  |TAMS 0x0000000086300000, 0x0000000086200000| Untracked 
|  99|0x0000000086300000, 0x0000000086400000, 0x0000000086400000|100%| O|  |TAMS 0x0000000086400000, 0x0000000086300000| Untracked 
| 100|0x0000000086400000, 0x0000000086500000, 0x0000000086500000|100%| O|  |TAMS 0x0000000086500000, 0x0000000086400000| Untracked 
| 101|0x0000000086500000, 0x0000000086600000, 0x0000000086600000|100%| O|  |TAMS 0x0000000086600000, 0x0000000086500000| Untracked 
| 102|0x0000000086600000, 0x0000000086700000, 0x0000000086700000|100%|HS|  |TAMS 0x0000000086700000, 0x0000000086600000| Complete 
| 103|0x0000000086700000, 0x0000000086800000, 0x0000000086800000|100%| O|  |TAMS 0x0000000086800000, 0x0000000086700000| Untracked 
| 104|0x0000000086800000, 0x0000000086900000, 0x0000000086900000|100%| O|  |TAMS 0x0000000086900000, 0x0000000086800000| Untracked 
| 105|0x0000000086900000, 0x0000000086a00000, 0x0000000086a00000|100%| O|  |TAMS 0x0000000086a00000, 0x0000000086900000| Untracked 
| 106|0x0000000086a00000, 0x0000000086b00000, 0x0000000086b00000|100%| O|  |TAMS 0x0000000086b00000, 0x0000000086a00000| Untracked 
| 107|0x0000000086b00000, 0x0000000086c00000, 0x0000000086c00000|100%| O|  |TAMS 0x0000000086c00000, 0x0000000086b00000| Untracked 
| 108|0x0000000086c00000, 0x0000000086d00000, 0x0000000086d00000|100%| O|  |TAMS 0x0000000086d00000, 0x0000000086c00000| Untracked 
| 109|0x0000000086d00000, 0x0000000086e00000, 0x0000000086e00000|100%| O|  |TAMS 0x0000000086e00000, 0x0000000086d00000| Untracked 
| 110|0x0000000086e00000, 0x0000000086f00000, 0x0000000086f00000|100%| O|  |TAMS 0x0000000086f00000, 0x0000000086e00000| Untracked 
| 111|0x0000000086f00000, 0x0000000087000000, 0x0000000087000000|100%| O|  |TAMS 0x0000000087000000, 0x0000000086f00000| Untracked 
| 112|0x0000000087000000, 0x0000000087100000, 0x0000000087100000|100%| O|  |TAMS 0x0000000087100000, 0x0000000087000000| Untracked 
| 113|0x0000000087100000, 0x0000000087200000, 0x0000000087200000|100%| O|  |TAMS 0x0000000087200000, 0x0000000087100000| Untracked 
| 114|0x0000000087200000, 0x0000000087300000, 0x0000000087300000|100%|HS|  |TAMS 0x0000000087300000, 0x0000000087200000| Complete 
| 115|0x0000000087300000, 0x0000000087400000, 0x0000000087400000|100%| O|  |TAMS 0x0000000087400000, 0x0000000087300000| Untracked 
| 116|0x0000000087400000, 0x0000000087500000, 0x0000000087500000|100%| O|  |TAMS 0x0000000087500000, 0x0000000087400000| Untracked 
| 117|0x0000000087500000, 0x0000000087600000, 0x0000000087600000|100%| O|  |TAMS 0x0000000087600000, 0x0000000087500000| Untracked 
| 118|0x0000000087600000, 0x0000000087700000, 0x0000000087700000|100%| O|  |TAMS 0x0000000087700000, 0x0000000087600000| Untracked 
| 119|0x0000000087700000, 0x0000000087800000, 0x0000000087800000|100%| O|  |TAMS 0x0000000087800000, 0x0000000087700000| Untracked 
| 120|0x0000000087800000, 0x0000000087900000, 0x0000000087900000|100%| O|  |TAMS 0x0000000087900000, 0x0000000087800000| Untracked 
| 121|0x0000000087900000, 0x0000000087a00000, 0x0000000087a00000|100%| O|  |TAMS 0x0000000087a00000, 0x0000000087900000| Untracked 
| 122|0x0000000087a00000, 0x0000000087b00000, 0x0000000087b00000|100%| O|  |TAMS 0x0000000087b00000, 0x0000000087a00000| Untracked 
| 123|0x0000000087b00000, 0x0000000087c00000, 0x0000000087c00000|100%| O|  |TAMS 0x0000000087c00000, 0x0000000087b00000| Untracked 
| 124|0x0000000087c00000, 0x0000000087d00000, 0x0000000087d00000|100%| O|  |TAMS 0x0000000087d00000, 0x0000000087c00000| Untracked 
| 125|0x0000000087d00000, 0x0000000087e00000, 0x0000000087e00000|100%| O|  |TAMS 0x0000000087e00000, 0x0000000087d00000| Untracked 
| 126|0x0000000087e00000, 0x0000000087f00000, 0x0000000087f00000|100%| O|  |TAMS 0x0000000087f00000, 0x0000000087e00000| Untracked 
| 127|0x0000000087f00000, 0x0000000088000000, 0x0000000088000000|100%| O|  |TAMS 0x0000000088000000, 0x0000000087f00000| Untracked 
| 128|0x0000000088000000, 0x0000000088100000, 0x0000000088100000|100%| O|  |TAMS 0x0000000088100000, 0x0000000088000000| Untracked 
| 129|0x0000000088100000, 0x0000000088200000, 0x0000000088200000|100%| O|  |TAMS 0x0000000088200000, 0x0000000088100000| Untracked 
| 130|0x0000000088200000, 0x0000000088300000, 0x0000000088300000|100%| O|  |TAMS 0x0000000088300000, 0x0000000088200000| Untracked 
| 131|0x0000000088300000, 0x0000000088400000, 0x0000000088400000|100%| O|  |TAMS 0x0000000088400000, 0x0000000088300000| Untracked 
| 132|0x0000000088400000, 0x0000000088500000, 0x0000000088500000|100%| O|  |TAMS 0x0000000088500000, 0x0000000088400000| Untracked 
| 133|0x0000000088500000, 0x0000000088600000, 0x0000000088600000|100%| O|  |TAMS 0x0000000088600000, 0x0000000088500000| Untracked 
| 134|0x0000000088600000, 0x0000000088700000, 0x0000000088700000|100%| O|  |TAMS 0x0000000088700000, 0x0000000088600000| Untracked 
| 135|0x0000000088700000, 0x0000000088800000, 0x0000000088800000|100%| O|  |TAMS 0x0000000088800000, 0x0000000088700000| Untracked 
| 136|0x0000000088800000, 0x0000000088900000, 0x0000000088900000|100%| O|  |TAMS 0x0000000088900000, 0x0000000088800000| Untracked 
| 137|0x0000000088900000, 0x0000000088a00000, 0x0000000088a00000|100%| O|  |TAMS 0x0000000088a00000, 0x0000000088900000| Untracked 
| 138|0x0000000088a00000, 0x0000000088b00000, 0x0000000088b00000|100%| O|  |TAMS 0x0000000088b00000, 0x0000000088a00000| Untracked 
| 139|0x0000000088b00000, 0x0000000088c00000, 0x0000000088c00000|100%| O|  |TAMS 0x0000000088c00000, 0x0000000088b00000| Untracked 
| 140|0x0000000088c00000, 0x0000000088d00000, 0x0000000088d00000|100%| O|  |TAMS 0x0000000088d00000, 0x0000000088c00000| Untracked 
| 141|0x0000000088d00000, 0x0000000088e00000, 0x0000000088e00000|100%| O|  |TAMS 0x0000000088e00000, 0x0000000088d00000| Untracked 
| 142|0x0000000088e00000, 0x0000000088f00000, 0x0000000088f00000|100%| O|  |TAMS 0x0000000088f00000, 0x0000000088e00000| Untracked 
| 143|0x0000000088f00000, 0x0000000089000000, 0x0000000089000000|100%| O|  |TAMS 0x0000000089000000, 0x0000000088f00000| Untracked 
| 144|0x0000000089000000, 0x0000000089100000, 0x0000000089100000|100%| O|  |TAMS 0x0000000089100000, 0x0000000089000000| Untracked 
| 145|0x0000000089100000, 0x0000000089200000, 0x0000000089200000|100%| O|  |TAMS 0x0000000089200000, 0x0000000089100000| Untracked 
| 146|0x0000000089200000, 0x0000000089300000, 0x0000000089300000|100%| O|  |TAMS 0x0000000089300000, 0x0000000089200000| Untracked 
| 147|0x0000000089300000, 0x0000000089400000, 0x0000000089400000|100%| O|  |TAMS 0x0000000089400000, 0x0000000089300000| Untracked 
| 148|0x0000000089400000, 0x0000000089500000, 0x0000000089500000|100%| O|  |TAMS 0x0000000089500000, 0x0000000089400000| Untracked 
| 149|0x0000000089500000, 0x0000000089600000, 0x0000000089600000|100%| O|  |TAMS 0x0000000089600000, 0x0000000089500000| Untracked 
| 150|0x0000000089600000, 0x0000000089700000, 0x0000000089700000|100%| O|  |TAMS 0x0000000089700000, 0x0000000089600000| Untracked 
| 151|0x0000000089700000, 0x0000000089800000, 0x0000000089800000|100%| O|  |TAMS 0x0000000089800000, 0x0000000089700000| Untracked 
| 152|0x0000000089800000, 0x0000000089900000, 0x0000000089900000|100%| O|  |TAMS 0x0000000089900000, 0x0000000089800000| Untracked 
| 153|0x0000000089900000, 0x0000000089a00000, 0x0000000089a00000|100%| O|  |TAMS 0x0000000089a00000, 0x0000000089900000| Untracked 
| 154|0x0000000089a00000, 0x0000000089b00000, 0x0000000089b00000|100%| O|  |TAMS 0x0000000089b00000, 0x0000000089a00000| Untracked 
| 155|0x0000000089b00000, 0x0000000089c00000, 0x0000000089c00000|100%| O|  |TAMS 0x0000000089c00000, 0x0000000089b00000| Untracked 
| 156|0x0000000089c00000, 0x0000000089d00000, 0x0000000089d00000|100%|HS|  |TAMS 0x0000000089d00000, 0x0000000089c00000| Complete 
| 157|0x0000000089d00000, 0x0000000089e00000, 0x0000000089e00000|100%| O|  |TAMS 0x0000000089e00000, 0x0000000089d00000| Untracked 
| 158|0x0000000089e00000, 0x0000000089f00000, 0x0000000089f00000|100%| O|  |TAMS 0x0000000089f00000, 0x0000000089e00000| Untracked 
| 159|0x0000000089f00000, 0x000000008a000000, 0x000000008a000000|100%| O|  |TAMS 0x000000008a000000, 0x0000000089f00000| Untracked 
| 160|0x000000008a000000, 0x000000008a100000, 0x000000008a100000|100%| O|  |TAMS 0x000000008a100000, 0x000000008a000000| Untracked 
| 161|0x000000008a100000, 0x000000008a200000, 0x000000008a200000|100%| O|  |TAMS 0x000000008a200000, 0x000000008a100000| Untracked 
| 162|0x000000008a200000, 0x000000008a300000, 0x000000008a300000|100%| O|  |TAMS 0x000000008a300000, 0x000000008a200000| Untracked 
| 163|0x000000008a300000, 0x000000008a400000, 0x000000008a400000|100%| O|  |TAMS 0x000000008a400000, 0x000000008a300000| Untracked 
| 164|0x000000008a400000, 0x000000008a500000, 0x000000008a500000|100%| O|  |TAMS 0x000000008a500000, 0x000000008a400000| Untracked 
| 165|0x000000008a500000, 0x000000008a600000, 0x000000008a600000|100%| O|  |TAMS 0x000000008a600000, 0x000000008a500000| Untracked 
| 166|0x000000008a600000, 0x000000008a700000, 0x000000008a700000|100%| O|  |TAMS 0x000000008a700000, 0x000000008a600000| Untracked 
| 167|0x000000008a700000, 0x000000008a800000, 0x000000008a800000|100%| O|  |TAMS 0x000000008a800000, 0x000000008a700000| Untracked 
| 168|0x000000008a800000, 0x000000008a900000, 0x000000008a900000|100%| O|  |TAMS 0x000000008a900000, 0x000000008a800000| Untracked 
| 169|0x000000008a900000, 0x000000008aa00000, 0x000000008aa00000|100%| O|  |TAMS 0x000000008aa00000, 0x000000008a900000| Untracked 
| 170|0x000000008aa00000, 0x000000008ab00000, 0x000000008ab00000|100%| O|  |TAMS 0x000000008ab00000, 0x000000008aa00000| Untracked 
| 171|0x000000008ab00000, 0x000000008ac00000, 0x000000008ac00000|100%| O|  |TAMS 0x000000008ac00000, 0x000000008ab00000| Untracked 
| 172|0x000000008ac00000, 0x000000008ad00000, 0x000000008ad00000|100%| O|  |TAMS 0x000000008ad00000, 0x000000008ac00000| Untracked 
| 173|0x000000008ad00000, 0x000000008ae00000, 0x000000008ae00000|100%| O|  |TAMS 0x000000008ae00000, 0x000000008ad00000| Untracked 
| 174|0x000000008ae00000, 0x000000008af00000, 0x000000008af00000|100%| O|  |TAMS 0x000000008af00000, 0x000000008ae00000| Untracked 
| 175|0x000000008af00000, 0x000000008b000000, 0x000000008b000000|100%| O|  |TAMS 0x000000008b000000, 0x000000008af00000| Untracked 
| 176|0x000000008b000000, 0x000000008b100000, 0x000000008b100000|100%| O|  |TAMS 0x000000008b100000, 0x000000008b000000| Untracked 
| 177|0x000000008b100000, 0x000000008b200000, 0x000000008b200000|100%| O|  |TAMS 0x000000008b200000, 0x000000008b100000| Untracked 
| 178|0x000000008b200000, 0x000000008b300000, 0x000000008b300000|100%| O|  |TAMS 0x000000008b300000, 0x000000008b200000| Untracked 
| 179|0x000000008b300000, 0x000000008b400000, 0x000000008b400000|100%| O|  |TAMS 0x000000008b400000, 0x000000008b300000| Untracked 
| 180|0x000000008b400000, 0x000000008b500000, 0x000000008b500000|100%| O|  |TAMS 0x000000008b500000, 0x000000008b400000| Untracked 
| 181|0x000000008b500000, 0x000000008b600000, 0x000000008b600000|100%| O|  |TAMS 0x000000008b600000, 0x000000008b500000| Untracked 
| 182|0x000000008b600000, 0x000000008b700000, 0x000000008b700000|100%| O|  |TAMS 0x000000008b700000, 0x000000008b600000| Untracked 
| 183|0x000000008b700000, 0x000000008b800000, 0x000000008b800000|100%| O|  |TAMS 0x000000008b800000, 0x000000008b700000| Untracked 
| 184|0x000000008b800000, 0x000000008b900000, 0x000000008b900000|100%| O|  |TAMS 0x000000008b900000, 0x000000008b800000| Untracked 
| 185|0x000000008b900000, 0x000000008ba00000, 0x000000008ba00000|100%| O|  |TAMS 0x000000008ba00000, 0x000000008b900000| Untracked 
| 186|0x000000008ba00000, 0x000000008bb00000, 0x000000008bb00000|100%| O|  |TAMS 0x000000008bb00000, 0x000000008ba00000| Untracked 
| 187|0x000000008bb00000, 0x000000008bc00000, 0x000000008bc00000|100%| O|  |TAMS 0x000000008bc00000, 0x000000008bb00000| Untracked 
| 188|0x000000008bc00000, 0x000000008bd00000, 0x000000008bd00000|100%| O|  |TAMS 0x000000008bd00000, 0x000000008bc00000| Untracked 
| 189|0x000000008bd00000, 0x000000008be00000, 0x000000008be00000|100%| O|  |TAMS 0x000000008be00000, 0x000000008bd00000| Untracked 
| 190|0x000000008be00000, 0x000000008bf00000, 0x000000008bf00000|100%| O|  |TAMS 0x000000008bf00000, 0x000000008be00000| Untracked 
| 191|0x000000008bf00000, 0x000000008c000000, 0x000000008c000000|100%| O|  |TAMS 0x000000008c000000, 0x000000008bf00000| Untracked 
| 192|0x000000008c000000, 0x000000008c100000, 0x000000008c100000|100%| O|  |TAMS 0x000000008c100000, 0x000000008c000000| Untracked 
| 193|0x000000008c100000, 0x000000008c200000, 0x000000008c200000|100%| O|  |TAMS 0x000000008c200000, 0x000000008c100000| Untracked 
| 194|0x000000008c200000, 0x000000008c300000, 0x000000008c300000|100%| O|  |TAMS 0x000000008c300000, 0x000000008c200000| Untracked 
| 195|0x000000008c300000, 0x000000008c400000, 0x000000008c400000|100%| O|  |TAMS 0x000000008c400000, 0x000000008c300000| Untracked 
| 196|0x000000008c400000, 0x000000008c500000, 0x000000008c500000|100%| O|  |TAMS 0x000000008c500000, 0x000000008c400000| Untracked 
| 197|0x000000008c500000, 0x000000008c600000, 0x000000008c600000|100%| O|  |TAMS 0x000000008c600000, 0x000000008c500000| Untracked 
| 198|0x000000008c600000, 0x000000008c700000, 0x000000008c700000|100%| O|  |TAMS 0x000000008c700000, 0x000000008c600000| Untracked 
| 199|0x000000008c700000, 0x000000008c800000, 0x000000008c800000|100%| O|  |TAMS 0x000000008c800000, 0x000000008c700000| Untracked 
| 200|0x000000008c800000, 0x000000008c900000, 0x000000008c900000|100%| O|  |TAMS 0x000000008c900000, 0x000000008c800000| Untracked 
| 201|0x000000008c900000, 0x000000008ca00000, 0x000000008ca00000|100%| O|  |TAMS 0x000000008ca00000, 0x000000008c900000| Untracked 
| 202|0x000000008ca00000, 0x000000008cb00000, 0x000000008cb00000|100%| O|  |TAMS 0x000000008cb00000, 0x000000008ca00000| Untracked 
| 203|0x000000008cb00000, 0x000000008cc00000, 0x000000008cc00000|100%| O|  |TAMS 0x000000008cc00000, 0x000000008cb00000| Untracked 
| 204|0x000000008cc00000, 0x000000008cd00000, 0x000000008cd00000|100%| O|  |TAMS 0x000000008cd00000, 0x000000008cc00000| Untracked 
| 205|0x000000008cd00000, 0x000000008ce00000, 0x000000008ce00000|100%| O|  |TAMS 0x000000008ce00000, 0x000000008cd00000| Untracked 
| 206|0x000000008ce00000, 0x000000008cf00000, 0x000000008cf00000|100%| O|  |TAMS 0x000000008cf00000, 0x000000008ce00000| Untracked 
| 207|0x000000008cf00000, 0x000000008d000000, 0x000000008d000000|100%| O|  |TAMS 0x000000008d000000, 0x000000008cf00000| Untracked 
| 208|0x000000008d000000, 0x000000008d100000, 0x000000008d100000|100%| O|  |TAMS 0x000000008d100000, 0x000000008d000000| Untracked 
| 209|0x000000008d100000, 0x000000008d200000, 0x000000008d200000|100%| O|  |TAMS 0x000000008d200000, 0x000000008d100000| Untracked 
| 210|0x000000008d200000, 0x000000008d300000, 0x000000008d300000|100%| O|  |TAMS 0x000000008d300000, 0x000000008d200000| Untracked 
| 211|0x000000008d300000, 0x000000008d400000, 0x000000008d400000|100%| O|  |TAMS 0x000000008d400000, 0x000000008d300000| Untracked 
| 212|0x000000008d400000, 0x000000008d500000, 0x000000008d500000|100%| O|  |TAMS 0x000000008d500000, 0x000000008d400000| Untracked 
| 213|0x000000008d500000, 0x000000008d600000, 0x000000008d600000|100%| O|  |TAMS 0x000000008d600000, 0x000000008d500000| Untracked 
| 214|0x000000008d600000, 0x000000008d700000, 0x000000008d700000|100%| O|  |TAMS 0x000000008d700000, 0x000000008d600000| Untracked 
| 215|0x000000008d700000, 0x000000008d800000, 0x000000008d800000|100%| O|  |TAMS 0x000000008d749600, 0x000000008d700000| Untracked 
| 216|0x000000008d800000, 0x000000008d900000, 0x000000008d900000|100%| O|  |TAMS 0x000000008d800000, 0x000000008d800000| Untracked 
| 217|0x000000008d900000, 0x000000008da00000, 0x000000008da00000|100%| O|  |TAMS 0x000000008d900000, 0x000000008d900000| Untracked 
| 218|0x000000008da00000, 0x000000008db00000, 0x000000008db00000|100%| O|  |TAMS 0x000000008da00000, 0x000000008da00000| Untracked 
| 219|0x000000008db00000, 0x000000008dc00000, 0x000000008dc00000|100%| O|  |TAMS 0x000000008db00000, 0x000000008db00000| Untracked 
| 220|0x000000008dc00000, 0x000000008dd00000, 0x000000008dd00000|100%| O|  |TAMS 0x000000008dd00000, 0x000000008dc00000| Untracked 
| 221|0x000000008dd00000, 0x000000008de00000, 0x000000008de00000|100%| O|  |TAMS 0x000000008dd00000, 0x000000008dd00000| Untracked 
| 222|0x000000008de00000, 0x000000008df00000, 0x000000008df00000|100%| O|  |TAMS 0x000000008de00000, 0x000000008de00000| Untracked 
| 223|0x000000008df00000, 0x000000008e000000, 0x000000008e000000|100%| O|  |TAMS 0x000000008df00000, 0x000000008df00000| Untracked 
| 224|0x000000008e000000, 0x000000008e100000, 0x000000008e100000|100%| O|  |TAMS 0x000000008e000000, 0x000000008e000000| Untracked 
| 225|0x000000008e100000, 0x000000008e200000, 0x000000008e200000|100%| O|  |TAMS 0x000000008e100000, 0x000000008e100000| Untracked 
| 226|0x000000008e200000, 0x000000008e300000, 0x000000008e300000|100%| O|  |TAMS 0x000000008e200000, 0x000000008e200000| Untracked 
| 227|0x000000008e300000, 0x000000008e400000, 0x000000008e400000|100%| O|  |TAMS 0x000000008e300000, 0x000000008e300000| Untracked 
| 228|0x000000008e400000, 0x000000008e500000, 0x000000008e500000|100%| O|  |TAMS 0x000000008e400000, 0x000000008e400000| Untracked 
| 229|0x000000008e500000, 0x000000008e600000, 0x000000008e600000|100%| O|  |TAMS 0x000000008e500000, 0x000000008e500000| Untracked 
| 230|0x000000008e600000, 0x000000008e631400, 0x000000008e700000| 19%| O|  |TAMS 0x000000008e600000, 0x000000008e600000| Untracked 
| 231|0x000000008e700000, 0x000000008e700000, 0x000000008e800000|  0%| F|  |TAMS 0x000000008e700000, 0x000000008e700000| Untracked 
| 232|0x000000008e800000, 0x000000008e800000, 0x000000008e900000|  0%| F|  |TAMS 0x000000008e800000, 0x000000008e800000| Untracked 
| 233|0x000000008e900000, 0x000000008e900000, 0x000000008ea00000|  0%| F|  |TAMS 0x000000008e900000, 0x000000008e900000| Untracked 
| 234|0x000000008ea00000, 0x000000008eb00000, 0x000000008eb00000|100%| O|  |TAMS 0x000000008ea00000, 0x000000008ea00000| Untracked 
| 235|0x000000008eb00000, 0x000000008ec00000, 0x000000008ec00000|100%| O|  |TAMS 0x000000008eb00000, 0x000000008eb00000| Untracked 
| 236|0x000000008ec00000, 0x000000008ec00000, 0x000000008ed00000|  0%| F|  |TAMS 0x000000008ec00000, 0x000000008ec00000| Untracked 
| 237|0x000000008ed00000, 0x000000008ed00000, 0x000000008ee00000|  0%| F|  |TAMS 0x000000008ed00000, 0x000000008ed00000| Untracked 
| 238|0x000000008ee00000, 0x000000008ee00000, 0x000000008ef00000|  0%| F|  |TAMS 0x000000008ee00000, 0x000000008ee00000| Untracked 
| 239|0x000000008ef00000, 0x000000008ef00000, 0x000000008f000000|  0%| F|  |TAMS 0x000000008ef00000, 0x000000008ef00000| Untracked 
| 240|0x000000008f000000, 0x000000008f000000, 0x000000008f100000|  0%| F|  |TAMS 0x000000008f000000, 0x000000008f000000| Untracked 
| 241|0x000000008f100000, 0x000000008f100000, 0x000000008f200000|  0%| F|  |TAMS 0x000000008f100000, 0x000000008f100000| Untracked 
| 242|0x000000008f200000, 0x000000008f200000, 0x000000008f300000|  0%| F|  |TAMS 0x000000008f200000, 0x000000008f200000| Untracked 
| 243|0x000000008f300000, 0x000000008f300000, 0x000000008f400000|  0%| F|  |TAMS 0x000000008f300000, 0x000000008f300000| Untracked 
| 244|0x000000008f400000, 0x000000008f400000, 0x000000008f500000|  0%| F|  |TAMS 0x000000008f400000, 0x000000008f400000| Untracked 
| 245|0x000000008f500000, 0x000000008f500000, 0x000000008f600000|  0%| F|  |TAMS 0x000000008f500000, 0x000000008f500000| Untracked 
| 246|0x000000008f600000, 0x000000008f600000, 0x000000008f700000|  0%| F|  |TAMS 0x000000008f600000, 0x000000008f600000| Untracked 
| 247|0x000000008f700000, 0x000000008f700000, 0x000000008f800000|  0%| F|  |TAMS 0x000000008f700000, 0x000000008f700000| Untracked 
| 248|0x000000008f800000, 0x000000008f800000, 0x000000008f900000|  0%| F|  |TAMS 0x000000008f800000, 0x000000008f800000| Untracked 
| 249|0x000000008f900000, 0x000000008f900000, 0x000000008fa00000|  0%| F|  |TAMS 0x000000008f900000, 0x000000008f900000| Untracked 
| 250|0x000000008fa00000, 0x000000008fa00000, 0x000000008fb00000|  0%| F|  |TAMS 0x000000008fa00000, 0x000000008fa00000| Untracked 
| 251|0x000000008fb00000, 0x000000008fb00000, 0x000000008fc00000|  0%| F|  |TAMS 0x000000008fb00000, 0x000000008fb00000| Untracked 
| 252|0x000000008fc00000, 0x000000008fc00000, 0x000000008fd00000|  0%| F|  |TAMS 0x000000008fc00000, 0x000000008fc00000| Untracked 
| 253|0x000000008fd00000, 0x000000008fd00000, 0x000000008fe00000|  0%| F|  |TAMS 0x000000008fd00000, 0x000000008fd00000| Untracked 
| 254|0x000000008fe00000, 0x000000008fe00000, 0x000000008ff00000|  0%| F|  |TAMS 0x000000008fe00000, 0x000000008fe00000| Untracked 
| 255|0x000000008ff00000, 0x000000008ff00000, 0x0000000090000000|  0%| F|  |TAMS 0x000000008ff00000, 0x000000008ff00000| Untracked 
| 256|0x0000000090000000, 0x0000000090000000, 0x0000000090100000|  0%| F|  |TAMS 0x0000000090000000, 0x0000000090000000| Untracked 
| 257|0x0000000090100000, 0x0000000090100000, 0x0000000090200000|  0%| F|  |TAMS 0x0000000090100000, 0x0000000090100000| Untracked 
| 258|0x0000000090200000, 0x0000000090200000, 0x0000000090300000|  0%| F|  |TAMS 0x0000000090200000, 0x0000000090200000| Untracked 
| 259|0x0000000090300000, 0x0000000090300000, 0x0000000090400000|  0%| F|  |TAMS 0x0000000090300000, 0x0000000090300000| Untracked 
| 260|0x0000000090400000, 0x0000000090400000, 0x0000000090500000|  0%| F|  |TAMS 0x0000000090400000, 0x0000000090400000| Untracked 
| 261|0x0000000090500000, 0x0000000090500000, 0x0000000090600000|  0%| F|  |TAMS 0x0000000090500000, 0x0000000090500000| Untracked 
| 262|0x0000000090600000, 0x0000000090600000, 0x0000000090700000|  0%| F|  |TAMS 0x0000000090600000, 0x0000000090600000| Untracked 
| 263|0x0000000090700000, 0x0000000090700000, 0x0000000090800000|  0%| F|  |TAMS 0x0000000090700000, 0x0000000090700000| Untracked 
| 264|0x0000000090800000, 0x0000000090800000, 0x0000000090900000|  0%| F|  |TAMS 0x0000000090800000, 0x0000000090800000| Untracked 
| 265|0x0000000090900000, 0x0000000090900000, 0x0000000090a00000|  0%| F|  |TAMS 0x0000000090900000, 0x0000000090900000| Untracked 
| 266|0x0000000090a00000, 0x0000000090a00000, 0x0000000090b00000|  0%| F|  |TAMS 0x0000000090a00000, 0x0000000090a00000| Untracked 
| 267|0x0000000090b00000, 0x0000000090b00000, 0x0000000090c00000|  0%| F|  |TAMS 0x0000000090b00000, 0x0000000090b00000| Untracked 
| 268|0x0000000090c00000, 0x0000000090c00000, 0x0000000090d00000|  0%| F|  |TAMS 0x0000000090c00000, 0x0000000090c00000| Untracked 
| 269|0x0000000090d00000, 0x0000000090d00000, 0x0000000090e00000|  0%| F|  |TAMS 0x0000000090d00000, 0x0000000090d00000| Untracked 
| 270|0x0000000090e00000, 0x0000000090e00000, 0x0000000090f00000|  0%| F|  |TAMS 0x0000000090e00000, 0x0000000090e00000| Untracked 
| 271|0x0000000090f00000, 0x0000000090f00000, 0x0000000091000000|  0%| F|  |TAMS 0x0000000090f00000, 0x0000000090f00000| Untracked 
| 272|0x0000000091000000, 0x0000000091000000, 0x0000000091100000|  0%| F|  |TAMS 0x0000000091000000, 0x0000000091000000| Untracked 
| 273|0x0000000091100000, 0x0000000091100000, 0x0000000091200000|  0%| F|  |TAMS 0x0000000091100000, 0x0000000091100000| Untracked 
| 274|0x0000000091200000, 0x0000000091200000, 0x0000000091300000|  0%| F|  |TAMS 0x0000000091200000, 0x0000000091200000| Untracked 
| 275|0x0000000091300000, 0x0000000091300000, 0x0000000091400000|  0%| F|  |TAMS 0x0000000091300000, 0x0000000091300000| Untracked 
| 276|0x0000000091400000, 0x0000000091400000, 0x0000000091500000|  0%| F|  |TAMS 0x0000000091400000, 0x0000000091400000| Untracked 
| 277|0x0000000091500000, 0x0000000091500000, 0x0000000091600000|  0%| F|  |TAMS 0x0000000091500000, 0x0000000091500000| Untracked 
| 278|0x0000000091600000, 0x0000000091600000, 0x0000000091700000|  0%| F|  |TAMS 0x0000000091600000, 0x0000000091600000| Untracked 
| 279|0x0000000091700000, 0x0000000091700000, 0x0000000091800000|  0%| F|  |TAMS 0x0000000091700000, 0x0000000091700000| Untracked 
| 280|0x0000000091800000, 0x0000000091800000, 0x0000000091900000|  0%| F|  |TAMS 0x0000000091800000, 0x0000000091800000| Untracked 
| 281|0x0000000091900000, 0x0000000091900000, 0x0000000091a00000|  0%| F|  |TAMS 0x0000000091900000, 0x0000000091900000| Untracked 
| 282|0x0000000091a00000, 0x0000000091a00000, 0x0000000091b00000|  0%| F|  |TAMS 0x0000000091a00000, 0x0000000091a00000| Untracked 
| 283|0x0000000091b00000, 0x0000000091b00000, 0x0000000091c00000|  0%| F|  |TAMS 0x0000000091b00000, 0x0000000091b00000| Untracked 
| 284|0x0000000091c00000, 0x0000000091c74af0, 0x0000000091d00000| 45%| S|CS|TAMS 0x0000000091c00000, 0x0000000091c00000| Complete 
| 285|0x0000000091d00000, 0x0000000091e00000, 0x0000000091e00000|100%| S|CS|TAMS 0x0000000091d00000, 0x0000000091d00000| Complete 
| 286|0x0000000091e00000, 0x0000000091e00000, 0x0000000091f00000|  0%| F|  |TAMS 0x0000000091e00000, 0x0000000091e00000| Untracked 
| 287|0x0000000091f00000, 0x0000000091f00000, 0x0000000092000000|  0%| F|  |TAMS 0x0000000091f00000, 0x0000000091f00000| Untracked 
| 288|0x0000000092000000, 0x0000000092000000, 0x0000000092100000|  0%| F|  |TAMS 0x0000000092000000, 0x0000000092000000| Untracked 
| 289|0x0000000092100000, 0x0000000092100000, 0x0000000092200000|  0%| F|  |TAMS 0x0000000092100000, 0x0000000092100000| Untracked 
| 290|0x0000000092200000, 0x0000000092200000, 0x0000000092300000|  0%| F|  |TAMS 0x0000000092200000, 0x0000000092200000| Untracked 
| 291|0x0000000092300000, 0x0000000092300000, 0x0000000092400000|  0%| F|  |TAMS 0x0000000092300000, 0x0000000092300000| Untracked 
| 292|0x0000000092400000, 0x0000000092400000, 0x0000000092500000|  0%| F|  |TAMS 0x0000000092400000, 0x0000000092400000| Untracked 
| 293|0x0000000092500000, 0x0000000092500000, 0x0000000092600000|  0%| F|  |TAMS 0x0000000092500000, 0x0000000092500000| Untracked 
| 294|0x0000000092600000, 0x0000000092600000, 0x0000000092700000|  0%| F|  |TAMS 0x0000000092600000, 0x0000000092600000| Untracked 
| 295|0x0000000092700000, 0x0000000092700000, 0x0000000092800000|  0%| F|  |TAMS 0x0000000092700000, 0x0000000092700000| Untracked 
| 296|0x0000000092800000, 0x0000000092800000, 0x0000000092900000|  0%| F|  |TAMS 0x0000000092800000, 0x0000000092800000| Untracked 
| 297|0x0000000092900000, 0x0000000092900000, 0x0000000092a00000|  0%| F|  |TAMS 0x0000000092900000, 0x0000000092900000| Untracked 
| 298|0x0000000092a00000, 0x0000000092a00000, 0x0000000092b00000|  0%| F|  |TAMS 0x0000000092a00000, 0x0000000092a00000| Untracked 
| 299|0x0000000092b00000, 0x0000000092b00000, 0x0000000092c00000|  0%| F|  |TAMS 0x0000000092b00000, 0x0000000092b00000| Untracked 
| 300|0x0000000092c00000, 0x0000000092c00000, 0x0000000092d00000|  0%| F|  |TAMS 0x0000000092c00000, 0x0000000092c00000| Untracked 
| 301|0x0000000092d00000, 0x0000000092d00000, 0x0000000092e00000|  0%| F|  |TAMS 0x0000000092d00000, 0x0000000092d00000| Untracked 
| 302|0x0000000092e00000, 0x0000000092e00000, 0x0000000092f00000|  0%| F|  |TAMS 0x0000000092e00000, 0x0000000092e00000| Untracked 
| 303|0x0000000092f00000, 0x0000000092f00000, 0x0000000093000000|  0%| F|  |TAMS 0x0000000092f00000, 0x0000000092f00000| Untracked 
| 304|0x0000000093000000, 0x0000000093000000, 0x0000000093100000|  0%| F|  |TAMS 0x0000000093000000, 0x0000000093000000| Untracked 
| 305|0x0000000093100000, 0x0000000093100000, 0x0000000093200000|  0%| F|  |TAMS 0x0000000093100000, 0x0000000093100000| Untracked 
| 306|0x0000000093200000, 0x0000000093200000, 0x0000000093300000|  0%| F|  |TAMS 0x0000000093200000, 0x0000000093200000| Untracked 
| 307|0x0000000093300000, 0x0000000093300000, 0x0000000093400000|  0%| F|  |TAMS 0x0000000093300000, 0x0000000093300000| Untracked 
| 308|0x0000000093400000, 0x0000000093400000, 0x0000000093500000|  0%| F|  |TAMS 0x0000000093400000, 0x0000000093400000| Untracked 
| 309|0x0000000093500000, 0x0000000093500000, 0x0000000093600000|  0%| F|  |TAMS 0x0000000093500000, 0x0000000093500000| Untracked 
| 310|0x0000000093600000, 0x0000000093600000, 0x0000000093700000|  0%| F|  |TAMS 0x0000000093600000, 0x0000000093600000| Untracked 
| 311|0x0000000093700000, 0x0000000093700000, 0x0000000093800000|  0%| F|  |TAMS 0x0000000093700000, 0x0000000093700000| Untracked 
| 312|0x0000000093800000, 0x0000000093800000, 0x0000000093900000|  0%| F|  |TAMS 0x0000000093800000, 0x0000000093800000| Untracked 
| 313|0x0000000093900000, 0x00000000939cb700, 0x0000000093a00000| 79%| E|  |TAMS 0x0000000093900000, 0x0000000093900000| Complete 
| 314|0x0000000093a00000, 0x0000000093b00000, 0x0000000093b00000|100%| E|CS|TAMS 0x0000000093a00000, 0x0000000093a00000| Complete 
| 315|0x0000000093b00000, 0x0000000093c00000, 0x0000000093c00000|100%| E|  |TAMS 0x0000000093b00000, 0x0000000093b00000| Complete 
| 316|0x0000000093c00000, 0x0000000093d00000, 0x0000000093d00000|100%| E|CS|TAMS 0x0000000093c00000, 0x0000000093c00000| Complete 
| 317|0x0000000093d00000, 0x0000000093e00000, 0x0000000093e00000|100%| E|CS|TAMS 0x0000000093d00000, 0x0000000093d00000| Complete 
| 318|0x0000000093e00000, 0x0000000093f00000, 0x0000000093f00000|100%| E|CS|TAMS 0x0000000093e00000, 0x0000000093e00000| Complete 
| 319|0x0000000093f00000, 0x0000000094000000, 0x0000000094000000|100%| E|CS|TAMS 0x0000000093f00000, 0x0000000093f00000| Complete 
| 320|0x0000000094000000, 0x0000000094100000, 0x0000000094100000|100%| E|CS|TAMS 0x0000000094000000, 0x0000000094000000| Complete 

Card table byte_map: [0x00000258c6560000,0x00000258c6960000] _byte_map_base: 0x00000258c6160000

Marking Bits (Prev, Next): (CMBitMap*) 0x00000258b369fe08, (CMBitMap*) 0x00000258b369fe40
 Prev Bits: [0x00000258c6d60000, 0x00000258c8d60000)
 Next Bits: [0x00000258c8d60000, 0x00000258cad60000)

Polling page: 0x00000258b2e40000

Metaspace:

Usage:
  Non-class:    175.63 MB capacity,   172.46 MB ( 98%) used,     2.64 MB (  2%) free+waste,   539.88 KB ( <1%) overhead. 
      Class:     26.52 MB capacity,    24.75 MB ( 93%) used,     1.53 MB (  6%) free+waste,   244.63 KB ( <1%) overhead. 
       Both:    202.15 MB capacity,   197.21 MB ( 98%) used,     4.17 MB (  2%) free+waste,   784.50 KB ( <1%) overhead. 

Virtual space:
  Non-class space:      176.00 MB reserved,     175.68 MB (>99%) committed 
      Class space:        1.00 GB reserved,      26.63 MB (  3%) committed 
             Both:        1.17 GB reserved,     202.30 MB ( 17%) committed 

Chunk freelists:
   Non-Class:  48.00 KB
       Class:  15.00 KB
        Both:  63.00 KB

MaxMetaspaceSize: 17179869184.00 GB
CompressedClassSpaceSize: 1.00 GB

CodeHeap 'non-profiled nmethods': size=120064Kb used=21478Kb max_used=21583Kb free=98585Kb
 bounds [0x00000258bec20000, 0x00000258c0150000, 0x00000258c6160000]
CodeHeap 'profiled nmethods': size=120000Kb used=55765Kb max_used=56147Kb free=64235Kb
 bounds [0x00000258b76f0000, 0x00000258bae00000, 0x00000258bec20000]
CodeHeap 'non-nmethods': size=5696Kb used=2407Kb max_used=2468Kb free=3288Kb
 bounds [0x00000258b7160000, 0x00000258b73e0000, 0x00000258b76f0000]
 total_blobs=25318 nmethods=24268 adapters=960
 compilation: enabled
              stopped_count=0, restarted_count=0
 full_count=0

Compilation events (20 events):
Event: 722.987 Thread 0x00000258cd27c000 28593       4       sun.reflect.generics.parser.SignatureParser::parsePackageNameAndSimpleClassTypeSignature (119 bytes)
Event: 722.987 Thread 0x00000258cd280800 nmethod 28594 0x00000258bf9c3390 code [0x00000258bf9c3540, 0x00000258bf9c35f8]
Event: 722.988 Thread 0x00000258cd280800 28595       3       java.lang.Float::floatToIntBits (15 bytes)
Event: 722.988 Thread 0x00000258cd280800 nmethod 28595 0x00000258b8a5e210 code [0x00000258b8a5e3c0, 0x00000258b8a5e5d8]
Event: 723.015 Thread 0x00000258cd280800 28598       3       com.android.ide.common.symbols.SymbolListWithPackageNameWriter::symbol (51 bytes)
Event: 723.016 Thread 0x00000258cd280800 nmethod 28598 0x00000258b9738910 code [0x00000258b9738c00, 0x00000258b9739938]
Event: 723.028 Thread 0x00000258cd280800 28599       3       com.android.ide.common.symbols.SymbolListWithPackageNameWriter::child (26 bytes)
Event: 723.029 Thread 0x00000258cd280800 nmethod 28599 0x00000258b8cd7910 code [0x00000258b8cd7b60, 0x00000258b8cd8278]
Event: 723.029 Thread 0x00000258cd280800 28600       2       java.util.regex.Pattern::newCharProperty (34 bytes)
Event: 723.030 Thread 0x00000258cd280800 nmethod 28600 0x00000258b8b91a10 code [0x00000258b8b91be0, 0x00000258b8b92018]
Event: 723.031 Thread 0x00000258cd280800 28603       1       com.android.repository.Revision::getMajor (5 bytes)
Event: 723.031 Thread 0x00000258cd280800 nmethod 28603 0x00000258bf9c3090 code [0x00000258bf9c3240, 0x00000258bf9c32f8]
Event: 723.032 Thread 0x00000258cd280800 28604       2       java.util.regex.Pattern::atom (422 bytes)
Event: 723.034 Thread 0x00000258cd280800 nmethod 28604 0x00000258b9eee710 code [0x00000258b9eee9e0, 0x00000258b9eef9f8]
Event: 723.045 Thread 0x00000258cd280800 28605       1       org.gradle.internal.fingerprint.impl.IgnoredPathFileSystemLocationFingerprint::getType (5 bytes)
Event: 723.045 Thread 0x00000258cd280800 nmethod 28605 0x00000258bf9c2d90 code [0x00000258bf9c2f40, 0x00000258bf9c2ff8]
Event: 723.100 Thread 0x00000258cd280800 28606  s!   3       com.sun.org.apache.xerces.internal.jaxp.SAXParserImpl$JAXPSAXParser::setFeature (133 bytes)
Event: 723.101 Thread 0x00000258cd280800 nmethod 28606 0x00000258b8cdbd90 code [0x00000258b8cdc000, 0x00000258b8cdc948]
Event: 723.138 Thread 0x00000258cd280800 28607       3       sun.nio.fs.WindowsChannelFactory::newFileChannel (130 bytes)
Event: 723.139 Thread 0x00000258cd280800 nmethod 28607 0x00000258b8d67e10 code [0x00000258b8d68040, 0x00000258b8d68668]

GC Heap History (20 events):
Event: 716.034 GC heap before
{Heap before GC invocations=240 (full 0):
 garbage-first heap   total 273408K, used 239627K [0x0000000080000000, 0x0000000100000000)
  region size 1024K, 18 young (18432K), 1 survivors (1024K)
 Metaspace       used 196438K, capacity 201347K, committed 201524K, reserved 1224704K
  class space    used 24917K, capacity 26680K, committed 26752K, reserved 1048576K
}
Event: 716.038 GC heap after
{Heap after GC invocations=241 (full 0):
 garbage-first heap   total 273408K, used 222056K [0x0000000080000000, 0x0000000100000000)
  region size 1024K, 1 young (1024K), 1 survivors (1024K)
 Metaspace       used 196438K, capacity 201347K, committed 201524K, reserved 1224704K
  class space    used 24917K, capacity 26680K, committed 26752K, reserved 1048576K
}
Event: 716.099 GC heap before
{Heap before GC invocations=241 (full 0):
 garbage-first heap   total 273408K, used 239464K [0x0000000080000000, 0x0000000100000000)
  region size 1024K, 18 young (18432K), 1 survivors (1024K)
 Metaspace       used 196439K, capacity 201347K, committed 201524K, reserved 1224704K
  class space    used 24917K, capacity 26680K, committed 26752K, reserved 1048576K
}
Event: 716.101 GC heap after
{Heap after GC invocations=242 (full 0):
 garbage-first heap   total 273408K, used 222013K [0x0000000080000000, 0x0000000100000000)
  region size 1024K, 1 young (1024K), 1 survivors (1024K)
 Metaspace       used 196439K, capacity 201347K, committed 201524K, reserved 1224704K
  class space    used 24917K, capacity 26680K, committed 26752K, reserved 1048576K
}
Event: 716.714 GC heap before
{Heap before GC invocations=242 (full 0):
 garbage-first heap   total 273408K, used 246589K [0x0000000080000000, 0x0000000100000000)
  region size 1024K, 18 young (18432K), 1 survivors (1024K)
 Metaspace       used 196507K, capacity 201449K, committed 201524K, reserved 1224704K
  class space    used 24923K, capacity 26714K, committed 26752K, reserved 1048576K
}
Event: 716.730 GC heap after
{Heap after GC invocations=243 (full 0):
 garbage-first heap   total 273408K, used 230809K [0x0000000080000000, 0x0000000100000000)
  region size 1024K, 3 young (3072K), 3 survivors (3072K)
 Metaspace       used 196507K, capacity 201449K, committed 201524K, reserved 1224704K
  class space    used 24923K, capacity 26714K, committed 26752K, reserved 1048576K
}
Event: 717.146 GC heap before
{Heap before GC invocations=243 (full 0):
 garbage-first heap   total 273408K, used 250265K [0x0000000080000000, 0x0000000100000000)
  region size 1024K, 13 young (13312K), 3 survivors (3072K)
 Metaspace       used 196769K, capacity 201780K, committed 202036K, reserved 1224704K
  class space    used 24943K, capacity 26727K, committed 26752K, reserved 1048576K
}
Event: 717.163 GC heap after
{Heap after GC invocations=244 (full 0):
 garbage-first heap   total 273408K, used 228721K [0x0000000080000000, 0x0000000100000000)
  region size 1024K, 2 young (2048K), 2 survivors (2048K)
 Metaspace       used 196769K, capacity 201780K, committed 202036K, reserved 1224704K
  class space    used 24943K, capacity 26727K, committed 26752K, reserved 1048576K
}
Event: 717.370 GC heap before
{Heap before GC invocations=245 (full 0):
 garbage-first heap   total 273408K, used 238961K [0x0000000080000000, 0x0000000100000000)
  region size 1024K, 13 young (13312K), 2 survivors (2048K)
 Metaspace       used 196879K, capacity 201856K, committed 202036K, reserved 1224704K
  class space    used 24953K, capacity 26731K, committed 26752K, reserved 1048576K
}
Event: 717.384 GC heap after
{Heap after GC invocations=246 (full 0):
 garbage-first heap   total 328704K, used 230492K [0x0000000080000000, 0x0000000100000000)
  region size 1024K, 2 young (2048K), 2 survivors (2048K)
 Metaspace       used 196879K, capacity 201856K, committed 202036K, reserved 1224704K
  class space    used 24953K, capacity 26731K, committed 26752K, reserved 1048576K
}
Event: 717.975 GC heap before
{Heap before GC invocations=246 (full 0):
 garbage-first heap   total 328704K, used 243804K [0x0000000080000000, 0x0000000100000000)
  region size 1024K, 16 young (16384K), 2 survivors (2048K)
 Metaspace       used 199470K, capacity 204474K, committed 204596K, reserved 1226752K
  class space    used 25156K, capacity 26955K, committed 27008K, reserved 1048576K
}
Event: 717.983 GC heap after
{Heap after GC invocations=247 (full 0):
 garbage-first heap   total 328704K, used 232351K [0x0000000080000000, 0x0000000100000000)
  region size 1024K, 2 young (2048K), 2 survivors (2048K)
 Metaspace       used 199470K, capacity 204474K, committed 204596K, reserved 1226752K
  class space    used 25156K, capacity 26955K, committed 27008K, reserved 1048576K
}
Event: 718.703 GC heap before
{Heap before GC invocations=247 (full 0):
 garbage-first heap   total 328704K, used 264095K [0x0000000080000000, 0x0000000100000000)
  region size 1024K, 33 young (33792K), 2 survivors (2048K)
 Metaspace       used 200546K, capacity 205498K, committed 205748K, reserved 1228800K
  class space    used 25225K, capacity 27019K, committed 27136K, reserved 1048576K
}
Event: 718.719 GC heap after
{Heap after GC invocations=248 (full 0):
 garbage-first heap   total 328704K, used 237726K [0x0000000080000000, 0x0000000100000000)
  region size 1024K, 5 young (5120K), 5 survivors (5120K)
 Metaspace       used 200546K, capacity 205498K, committed 205748K, reserved 1228800K
  class space    used 25225K, capacity 27019K, committed 27136K, reserved 1048576K
}
Event: 719.398 GC heap before
{Heap before GC invocations=248 (full 0):
 garbage-first heap   total 328704K, used 268446K [0x0000000080000000, 0x0000000100000000)
  region size 1024K, 35 young (35840K), 5 survivors (5120K)
 Metaspace       used 200737K, capacity 205722K, committed 206004K, reserved 1228800K
  class space    used 25237K, capacity 27051K, committed 27136K, reserved 1048576K
}
Event: 719.413 GC heap after
{Heap after GC invocations=249 (full 0):
 garbage-first heap   total 328704K, used 238135K [0x0000000080000000, 0x0000000100000000)
  region size 1024K, 4 young (4096K), 4 survivors (4096K)
 Metaspace       used 200737K, capacity 205722K, committed 206004K, reserved 1228800K
  class space    used 25237K, capacity 27051K, committed 27136K, reserved 1048576K
}
Event: 721.264 GC heap before
{Heap before GC invocations=249 (full 0):
 garbage-first heap   total 328704K, used 268855K [0x0000000080000000, 0x0000000100000000)
  region size 1024K, 35 young (35840K), 4 survivors (4096K)
 Metaspace       used 201340K, capacity 206333K, committed 206516K, reserved 1228800K
  class space    used 25278K, capacity 27084K, committed 27136K, reserved 1048576K
}
Event: 721.270 GC heap after
{Heap after GC invocations=250 (full 0):
 garbage-first heap   total 328704K, used 238418K [0x0000000080000000, 0x0000000100000000)
  region size 1024K, 1 young (1024K), 1 survivors (1024K)
 Metaspace       used 201340K, capacity 206333K, committed 206516K, reserved 1228800K
  class space    used 25278K, capacity 27084K, committed 27136K, reserved 1048576K
}
Event: 723.069 GC heap before
{Heap before GC invocations=250 (full 0):
 garbage-first heap   total 328704K, used 274258K [0x0000000080000000, 0x0000000100000000)
  region size 1024K, 35 young (35840K), 1 survivors (1024K)
 Metaspace       used 201930K, capacity 206991K, committed 207156K, reserved 1228800K
  class space    used 25341K, capacity 27152K, committed 27264K, reserved 1048576K
}
Event: 723.077 GC heap after
{Heap after GC invocations=251 (full 0):
 garbage-first heap   total 328704K, used 239255K [0x0000000080000000, 0x0000000100000000)
  region size 1024K, 2 young (2048K), 2 survivors (2048K)
 Metaspace       used 201930K, capacity 206991K, committed 207156K, reserved 1228800K
  class space    used 25341K, capacity 27152K, committed 27264K, reserved 1048576K
}

Deoptimization events (20 events):
Event: 723.011 Thread 0x00000258cdd84000 Uncommon trap: trap_request=0xffffffbe fr.pc=0x00000258bffb1c00 relative=0x00000000000006e0
Event: 723.012 Thread 0x00000258cdd84000 Uncommon trap: reason=profile_predicate action=maybe_recompile pc=0x00000258bffb1c00 method=com.sun.org.apache.xerces.internal.impl.XMLDocumentFragmentScannerImpl.scanDocument(Z)Z @ 13 c2
Event: 723.012 Thread 0x00000258cdd84000 DEOPT PACKING pc=0x00000258bffb1c00 sp=0x000000cfad1fafe0
Event: 723.012 Thread 0x00000258cdd84000 DEOPT UNPACKING pc=0x00000258b718662f sp=0x000000cfad1fafa0 mode 2
Event: 723.014 Thread 0x00000258cdd84000 Uncommon trap: trap_request=0xffffffde fr.pc=0x00000258bf99d628 relative=0x0000000000000068
Event: 723.014 Thread 0x00000258cdd84000 Uncommon trap: reason=class_check action=maybe_recompile pc=0x00000258bf99d628 method=java.nio.file.Files.lambda$asUncheckedRunnable$0(Ljava/io/Closeable;)V @ 1 c2
Event: 723.014 Thread 0x00000258cdd84000 DEOPT PACKING pc=0x00000258bf99d628 sp=0x000000cfad1fb320
Event: 723.014 Thread 0x00000258cdd84000 DEOPT UNPACKING pc=0x00000258b718662f sp=0x000000cfad1fb240 mode 2
Event: 723.018 Thread 0x00000258d5c50800 Uncommon trap: trap_request=0xffffffde fr.pc=0x00000258bf99d628 relative=0x0000000000000068
Event: 723.018 Thread 0x00000258d5c50800 Uncommon trap: reason=class_check action=maybe_recompile pc=0x00000258bf99d628 method=java.nio.file.Files.lambda$asUncheckedRunnable$0(Ljava/io/Closeable;)V @ 1 c2
Event: 723.018 Thread 0x00000258d5c50800 DEOPT PACKING pc=0x00000258bf99d628 sp=0x000000cfab4fb510
Event: 723.018 Thread 0x00000258d5c50800 DEOPT UNPACKING pc=0x00000258b718662f sp=0x000000cfab4fb430 mode 2
Event: 723.031 Thread 0x00000258d070c800 Uncommon trap: trap_request=0xffffffde fr.pc=0x00000258bf99d628 relative=0x0000000000000068
Event: 723.031 Thread 0x00000258d070c800 Uncommon trap: reason=class_check action=maybe_recompile pc=0x00000258bf99d628 method=java.nio.file.Files.lambda$asUncheckedRunnable$0(Ljava/io/Closeable;)V @ 1 c2
Event: 723.031 Thread 0x00000258d070c800 DEOPT PACKING pc=0x00000258bf99d628 sp=0x000000cfac8fb3a0
Event: 723.031 Thread 0x00000258d070c800 DEOPT UNPACKING pc=0x00000258b718662f sp=0x000000cfac8fb2c0 mode 2
Event: 723.052 Thread 0x00000258cdd84000 Uncommon trap: trap_request=0xffffffbe fr.pc=0x00000258bffb1c00 relative=0x00000000000006e0
Event: 723.052 Thread 0x00000258cdd84000 Uncommon trap: reason=profile_predicate action=maybe_recompile pc=0x00000258bffb1c00 method=com.sun.org.apache.xerces.internal.impl.XMLDocumentFragmentScannerImpl.scanDocument(Z)Z @ 13 c2
Event: 723.052 Thread 0x00000258cdd84000 DEOPT PACKING pc=0x00000258bffb1c00 sp=0x000000cfad1fafe0
Event: 723.052 Thread 0x00000258cdd84000 DEOPT UNPACKING pc=0x00000258b718662f sp=0x000000cfad1fafa0 mode 2

Classes redefined (0 events):
No events

Internal exceptions (20 events):
Event: 720.980 Thread 0x00000258d1970800 Exception <a 'sun/nio/fs/WindowsException'{0x000000009265b2b0}> (0x000000009265b2b0) thrown at [./src/hotspot/share/prims/jni.cpp, line 615]
Event: 720.985 Thread 0x00000258d1970800 Exception <a 'sun/nio/fs/WindowsException'{0x00000000926625d0}> (0x00000000926625d0) thrown at [./src/hotspot/share/prims/jni.cpp, line 615]
Event: 720.999 Thread 0x00000258d1970800 Exception <a 'sun/nio/fs/WindowsException'{0x0000000092503ae8}> (0x0000000092503ae8) thrown at [./src/hotspot/share/prims/jni.cpp, line 615]
Event: 721.066 Thread 0x00000258d1970800 Exception <a 'sun/nio/fs/WindowsException'{0x0000000092412410}> (0x0000000092412410) thrown at [./src/hotspot/share/prims/jni.cpp, line 615]
Event: 721.084 Thread 0x00000258d1970800 Exception <a 'sun/nio/fs/WindowsException'{0x00000000924209e8}> (0x00000000924209e8) thrown at [./src/hotspot/share/prims/jni.cpp, line 615]
Event: 721.091 Thread 0x00000258d1970800 Exception <a 'sun/nio/fs/WindowsException'{0x000000009243e478}> (0x000000009243e478) thrown at [./src/hotspot/share/prims/jni.cpp, line 615]
Event: 721.167 Thread 0x00000258d1970800 Exception <a 'sun/nio/fs/WindowsException'{0x0000000092482760}> (0x0000000092482760) thrown at [./src/hotspot/share/prims/jni.cpp, line 615]
Event: 721.176 Thread 0x00000258d1970800 Exception <a 'sun/nio/fs/WindowsException'{0x000000009249b600}> (0x000000009249b600) thrown at [./src/hotspot/share/prims/jni.cpp, line 615]
Event: 721.192 Thread 0x00000258d1970800 Exception <a 'sun/nio/fs/WindowsException'{0x00000000924b87f8}> (0x00000000924b87f8) thrown at [./src/hotspot/share/prims/jni.cpp, line 615]
Event: 721.209 Thread 0x00000258d1970800 Exception <a 'sun/nio/fs/WindowsException'{0x000000009236e760}> (0x000000009236e760) thrown at [./src/hotspot/share/prims/jni.cpp, line 615]
Event: 721.211 Thread 0x00000258d1970800 Exception <a 'sun/nio/fs/WindowsException'{0x0000000092371bc0}> (0x0000000092371bc0) thrown at [./src/hotspot/share/prims/jni.cpp, line 615]
Event: 721.221 Thread 0x00000258d1970800 Exception <a 'sun/nio/fs/WindowsException'{0x000000009238c4b0}> (0x000000009238c4b0) thrown at [./src/hotspot/share/prims/jni.cpp, line 615]
Event: 721.273 Thread 0x00000258d1970800 Exception <a 'sun/nio/fs/WindowsException'{0x0000000094071778}> (0x0000000094071778) thrown at [./src/hotspot/share/prims/jni.cpp, line 615]
Event: 721.274 Thread 0x00000258d1970800 Exception <a 'sun/nio/fs/WindowsException'{0x0000000094072828}> (0x0000000094072828) thrown at [./src/hotspot/share/prims/jni.cpp, line 615]
Event: 721.276 Thread 0x00000258d1970800 Exception <a 'sun/nio/fs/WindowsException'{0x00000000940738b0}> (0x00000000940738b0) thrown at [./src/hotspot/share/prims/jni.cpp, line 615]
Event: 721.412 Thread 0x00000258d1970800 Implicit null exception at 0x00000258bef4811b to 0x00000258bef488dc
Event: 721.553 Thread 0x00000258d1970800 Exception <a 'sun/nio/fs/WindowsException'{0x00000000939d39e8}> (0x00000000939d39e8) thrown at [./src/hotspot/share/prims/jni.cpp, line 615]
Event: 721.554 Thread 0x00000258d1970800 Exception <a 'sun/nio/fs/WindowsException'{0x00000000939d4880}> (0x00000000939d4880) thrown at [./src/hotspot/share/prims/jni.cpp, line 615]
Event: 721.572 Thread 0x00000258d5c45800 Exception <a 'java/lang/NoSuchMethodError'{0x0000000093eaa550}: <clinit>> (0x0000000093eaa550) thrown at [./src/hotspot/share/prims/jni.cpp, line 1362]
Event: 722.980 Thread 0x00000258d5c45800 Exception <a 'java/lang/NoSuchMethodError'{0x00000000923440a0}: <clinit>> (0x00000000923440a0) thrown at [./src/hotspot/share/prims/jni.cpp, line 1362]

Events (20 events):
Event: 722.965 loading class com/android/build/gradle/internal/tasks/AarMetadataArtifact
Event: 722.965 loading class com/android/build/gradle/internal/tasks/AarMetadataArtifact done
Event: 722.977 loading class org/gradle/api/artifacts/component/LibraryBinaryIdentifier
Event: 722.977 loading class org/gradle/api/artifacts/component/LibraryBinaryIdentifier done
Event: 722.977 loading class org/gradle/api/artifacts/component/LibraryBinaryIdentifier
Event: 722.977 loading class org/gradle/api/artifacts/component/LibraryBinaryIdentifier done
Event: 722.992 loading class com/android/build/gradle/internal/tasks/AarMetadataReader
Event: 722.992 loading class com/android/build/gradle/internal/tasks/AarMetadataReader done
Event: 723.002 loading class com/android/build/gradle/internal/utils/SdkUtilsKt
Event: 723.002 loading class com/android/build/gradle/internal/utils/SdkUtilsKt done
Event: 723.005 loading class com/android/ide/common/symbols/SymbolListWithPackageNameWriter
Event: 723.005 loading class com/android/ide/common/symbols/SymbolListWithPackageNameWriter done
Event: 723.008 loading class com/android/build/gradle/internal/utils/CompileData
Event: 723.008 loading class com/android/build/gradle/internal/utils/CompileData done
Event: 723.017 loading class com/google/common/base/Verify
Event: 723.017 loading class com/google/common/base/Verify done
Event: 723.025 loading class com/google/common/base/VerifyException
Event: 723.025 loading class com/google/common/base/VerifyException done
Event: 723.068 Executing VM operation: G1CollectForAllocation
Event: 723.077 Executing VM operation: G1CollectForAllocation done


Dynamic libraries:
0x00007ff76bac0000 - 0x00007ff76baca000 	C:\Program Files\Android\Android Studio\jre\bin\java.exe
0x00007ffebc190000 - 0x00007ffebc385000 	C:\WINDOWS\SYSTEM32\ntdll.dll
0x00007ffebab20000 - 0x00007ffebabde000 	C:\WINDOWS\System32\KERNEL32.DLL
0x00007ffeb9ee0000 - 0x00007ffeba1a8000 	C:\WINDOWS\System32\KERNELBASE.dll
0x00007ffeb9a70000 - 0x00007ffeb9b70000 	C:\WINDOWS\System32\ucrtbase.dll
0x00007ffe96eb0000 - 0x00007ffe96ec7000 	C:\Program Files\Android\Android Studio\jre\bin\VCRUNTIME140.dll
0x00007ffe96e90000 - 0x00007ffe96ea9000 	C:\Program Files\Android\Android Studio\jre\bin\jli.dll
0x00007ffebadc0000 - 0x00007ffebaf60000 	C:\WINDOWS\System32\USER32.dll
0x00007ffeba1b0000 - 0x00007ffeba1d2000 	C:\WINDOWS\System32\win32u.dll
0x00007ffebb500000 - 0x00007ffebb52b000 	C:\WINDOWS\System32\GDI32.dll
0x00007ffea3850000 - 0x00007ffea3aea000 	C:\WINDOWS\WinSxS\amd64_microsoft.windows.common-controls_6595b64144ccf1df_6.0.19041.1110_none_60b5254171f9507e\COMCTL32.dll
0x00007ffeb98a0000 - 0x00007ffeb99ad000 	C:\WINDOWS\System32\gdi32full.dll
0x00007ffeb9c20000 - 0x00007ffeb9cbd000 	C:\WINDOWS\System32\msvcp_win.dll
0x00007ffebad20000 - 0x00007ffebadbe000 	C:\WINDOWS\System32\msvcrt.dll
0x00007ffebaa80000 - 0x00007ffebaab0000 	C:\WINDOWS\System32\IMM32.DLL
0x00007ffe92210000 - 0x00007ffe922ad000 	C:\Program Files\Android\Android Studio\jre\bin\msvcp140.dll
0x00007ffe50430000 - 0x00007ffe50f05000 	C:\Program Files\Android\Android Studio\jre\bin\server\jvm.dll
0x00007ffebc0a0000 - 0x00007ffebc14e000 	C:\WINDOWS\System32\ADVAPI32.dll
0x00007ffebc000000 - 0x00007ffebc09c000 	C:\WINDOWS\System32\sechost.dll
0x00007ffebb290000 - 0x00007ffebb3b5000 	C:\WINDOWS\System32\RPCRT4.dll
0x00007ffeba800000 - 0x00007ffeba808000 	C:\WINDOWS\System32\PSAPI.DLL
0x00007ffe98f60000 - 0x00007ffe98f69000 	C:\WINDOWS\SYSTEM32\WSOCK32.dll
0x00007ffead0f0000 - 0x00007ffead0fa000 	C:\WINDOWS\SYSTEM32\VERSION.dll
0x00007ffea35a0000 - 0x00007ffea35c7000 	C:\WINDOWS\SYSTEM32\WINMM.dll
0x00007ffebaab0000 - 0x00007ffebab1b000 	C:\WINDOWS\System32\WS2_32.dll
0x00007ffeb8120000 - 0x00007ffeb8132000 	C:\WINDOWS\SYSTEM32\kernel.appcore.dll
0x00007ffe97080000 - 0x00007ffe97091000 	C:\Program Files\Android\Android Studio\jre\bin\verify.dll
0x00007ffeb7db0000 - 0x00007ffeb7f94000 	C:\WINDOWS\SYSTEM32\DBGHELP.DLL
0x00007ffea3740000 - 0x00007ffea376c000 	C:\WINDOWS\SYSTEM32\dbgcore.DLL
0x00007ffeb9e50000 - 0x00007ffeb9ed2000 	C:\WINDOWS\System32\bcryptPrimitives.dll
0x00007ffe96e30000 - 0x00007ffe96e59000 	C:\Program Files\Android\Android Studio\jre\bin\java.dll
0x00007ffeb6c50000 - 0x00007ffeb6c5b000 	C:\Program Files\Android\Android Studio\jre\bin\jimage.dll
0x00007ffe8f3b0000 - 0x00007ffe8f3c8000 	C:\Program Files\Android\Android Studio\jre\bin\zip.dll
0x00007ffebb530000 - 0x00007ffebbc74000 	C:\WINDOWS\System32\SHELL32.dll
0x00007ffeb7550000 - 0x00007ffeb7ce4000 	C:\WINDOWS\SYSTEM32\windows.storage.dll
0x00007ffebbca0000 - 0x00007ffebbff5000 	C:\WINDOWS\System32\combase.dll
0x00007ffeb9220000 - 0x00007ffeb924e000 	C:\WINDOWS\SYSTEM32\Wldp.dll
0x00007ffeba750000 - 0x00007ffeba7fd000 	C:\WINDOWS\System32\SHCORE.dll
0x00007ffeba1e0000 - 0x00007ffeba235000 	C:\WINDOWS\System32\shlwapi.dll
0x00007ffeb97e0000 - 0x00007ffeb97ff000 	C:\WINDOWS\SYSTEM32\profapi.dll
0x00007ffe8f2d0000 - 0x00007ffe8f2ea000 	C:\Program Files\Android\Android Studio\jre\bin\net.dll
0x00007ffea71b0000 - 0x00007ffea72bc000 	C:\WINDOWS\SYSTEM32\WINHTTP.dll
0x00007ffeb8f80000 - 0x00007ffeb8fea000 	C:\WINDOWS\system32\mswsock.dll
0x00007ffe8f2b0000 - 0x00007ffe8f2c4000 	C:\Program Files\Android\Android Studio\jre\bin\nio.dll
0x00007ffe85b60000 - 0x00007ffe85b87000 	C:\Users\HP\.gradle\native\e1d6ef7f7dcc3fd88c89a11ec53ec762bb8ba0a96d01ffa2cd45eb1d1d8dd5c5\windows-amd64\native-platform.dll
0x00007ffe7b190000 - 0x00007ffe7b2d4000 	C:\Users\HP\.gradle\native\5664cfc778a61ccfe75a443a1ab52a65af34e5dc3c78e0209fed803814484fcb\windows-amd64\native-platform-file-events.dll
0x00007ffe97070000 - 0x00007ffe9707a000 	C:\Program Files\Android\Android Studio\jre\bin\management.dll
0x00007ffe904f0000 - 0x00007ffe904fd000 	C:\Program Files\Android\Android Studio\jre\bin\management_ext.dll
0x00007ffeb9170000 - 0x00007ffeb9188000 	C:\WINDOWS\SYSTEM32\CRYPTSP.dll
0x00007ffeb8900000 - 0x00007ffeb8934000 	C:\WINDOWS\system32\rsaenh.dll
0x00007ffeb9cc0000 - 0x00007ffeb9ce7000 	C:\WINDOWS\System32\bcrypt.dll
0x00007ffeb97a0000 - 0x00007ffeb97ce000 	C:\WINDOWS\SYSTEM32\USERENV.dll
0x00007ffeb9190000 - 0x00007ffeb919c000 	C:\WINDOWS\SYSTEM32\CRYPTBASE.dll
0x00007ffeb8c70000 - 0x00007ffeb8cab000 	C:\WINDOWS\SYSTEM32\IPHLPAPI.DLL
0x00007ffebabe0000 - 0x00007ffebabe8000 	C:\WINDOWS\System32\NSI.dll
0x00007ffea78e0000 - 0x00007ffea78f7000 	C:\WINDOWS\SYSTEM32\dhcpcsvc6.DLL
0x00007ffea7b90000 - 0x00007ffea7bad000 	C:\WINDOWS\SYSTEM32\dhcpcsvc.DLL
0x00007ffeb8cb0000 - 0x00007ffeb8d7b000 	C:\WINDOWS\SYSTEM32\DNSAPI.dll
0x00007ffe91c70000 - 0x00007ffe91c97000 	C:\Program Files\Android\Android Studio\jre\bin\sunec.dll
0x00007ffea35d0000 - 0x00007ffea35da000 	C:\Windows\System32\rasadhlp.dll
0x00007ffea35e0000 - 0x00007ffea365f000 	C:\WINDOWS\System32\fwpuclnt.dll
0x00007ffeb8590000 - 0x00007ffeb85c3000 	C:\WINDOWS\SYSTEM32\ntmarta.dll

dbghelp: loaded successfully - version: 4.0.5 - missing functions: none
symbol engine: initialized successfully - sym options: 0x614 - pdb path: .;C:\Program Files\Android\Android Studio\jre\bin;C:\WINDOWS\SYSTEM32;C:\WINDOWS\WinSxS\amd64_microsoft.windows.common-controls_6595b64144ccf1df_6.0.19041.1110_none_60b5254171f9507e;C:\Program Files\Android\Android Studio\jre\bin\server;C:\Users\HP\.gradle\native\e1d6ef7f7dcc3fd88c89a11ec53ec762bb8ba0a96d01ffa2cd45eb1d1d8dd5c5\windows-amd64;C:\Users\HP\.gradle\native\5664cfc778a61ccfe75a443a1ab52a65af34e5dc3c78e0209fed803814484fcb\windows-amd64

VM Arguments:
jvm_args: --add-opens=java.base/java.util=ALL-UNNAMED --add-opens=java.base/java.lang=ALL-UNNAMED --add-opens=java.base/java.lang.invoke=ALL-UNNAMED --add-opens=java.base/java.util=ALL-UNNAMED --add-opens=java.prefs/java.util.prefs=ALL-UNNAMED --add-opens=java.prefs/java.util.prefs=ALL-UNNAMED --add-opens=java.base/java.nio.charset=ALL-UNNAMED --add-opens=java.base/java.net=ALL-UNNAMED --add-opens=java.base/java.util.concurrent.atomic=ALL-UNNAMED -Xmx2048m -Dfile.encoding=UTF-8 -Duser.country=NO -Duser.language=no -Duser.variant 
java_command: org.gradle.launcher.daemon.bootstrap.GradleDaemon 7.2
java_class_path (initial): C:\Users\HP\.gradle\wrapper\dists\gradle-7.2-bin\2dnblmf4td7x66yl1d74lt32g\gradle-7.2\lib\gradle-launcher-7.2.jar
Launcher Type: SUN_STANDARD

[Global flags]
     intx CICompilerCount                          = 3                                         {product} {ergonomic}
     uint ConcGCThreads                            = 1                                         {product} {ergonomic}
     uint G1ConcRefinementThreads                  = 4                                         {product} {ergonomic}
   size_t G1HeapRegionSize                         = 1048576                                   {product} {ergonomic}
    uintx GCDrainStackTargetSize                   = 64                                        {product} {ergonomic}
   size_t InitialHeapSize                          = 134217728                                 {product} {ergonomic}
   size_t MarkStackSize                            = 4194304                                   {product} {ergonomic}
   size_t MaxHeapSize                              = 2147483648                                {product} {command line}
   size_t MaxNewSize                               = 1287651328                                {product} {ergonomic}
   size_t MinHeapDeltaBytes                        = 1048576                                   {product} {ergonomic}
    uintx NonNMethodCodeHeapSize                   = 5830732                                {pd product} {ergonomic}
    uintx NonProfiledCodeHeapSize                  = 122913754                              {pd product} {ergonomic}
    uintx ProfiledCodeHeapSize                     = 122913754                              {pd product} {ergonomic}
    uintx ReservedCodeCacheSize                    = 251658240                              {pd product} {ergonomic}
     bool SegmentedCodeCache                       = true                                      {product} {ergonomic}
     bool UseCompressedClassPointers               = true                                 {lp64_product} {ergonomic}
     bool UseCompressedOops                        = true                                 {lp64_product} {ergonomic}
     bool UseG1GC                                  = true                                      {product} {ergonomic}
     bool UseLargePagesIndividualAllocation        = false                                  {pd product} {ergonomic}

Logging:
Log output configuration:
 #0: stdout all=warning uptime,level,tags
 #1: stderr all=off uptime,level,tags

Environment Variables:
PATH=C:\Program Files\Common Files\Oracle\Java\javapath;C:\Program Files (x86)\Intel\iCLS Client\;C:\Program Files\Intel\iCLS Client\;C:\WINDOWS\system32;C:\WINDOWS;C:\WINDOWS\System32\Wbem;C:\WINDOWS\System32\WindowsPowerShell\v1.0\;C:\Program Files (x86)\Intel\Intel(R) Management Engine Components\DAL;C:\Program Files\Intel\Intel(R) Management Engine Components\DAL;C:\Program Files (x86)\Intel\Intel(R) Management Engine Components\IPT;C:\Program Files\Intel\Intel(R) Management Engine Components\IPT;C:\Program Files\Intel\WiFi\bin\;C:\Program Files\Common Files\Intel\WirelessCommon\;C:\WINDOWS\System32\OpenSSH\;C:\Users\HP\AppData\Local\Programs\Python\Python39\Scripts\;C:\Users\HP\AppData\Local\Programs\Python\Python39\;C:\Users\HP\AppData\Local\Microsoft\WindowsApps;C:\Users\HP\AppData\Local\atom\bin;C:\Users\HP\AppData\Local\Microsoft\WindowsApps;C:\Users\HP\AppData\Local\GitHubDesktop\bin
USERNAME=HP
OS=Windows_NT
PROCESSOR_IDENTIFIER=Intel64 Family 6 Model 142 Stepping 9, GenuineIntel



---------------  S Y S T E M  ---------------

OS: Windows 10 , 64 bit Build 19041 (10.0.19041.1503)
OS uptime: 20 days 19:58 hours

CPU:total 4 (initial active 4) (2 cores per cpu, 2 threads per core) family 6 model 142 stepping 9 microcode 0xb4, cmov, cx8, fxsr, mmx, sse, sse2, sse3, ssse3, sse4.1, sse4.2, popcnt, avx, avx2, aes, clmul, erms, 3dnowpref, lzcnt, ht, tsc, tscinvbit, bmi1, bmi2, adx, fma

Memory: 4k page, system-wide physical 8071M (324M free)
TotalPageFile size 12167M (AvailPageFile size 35M)
current process WorkingSet (physical memory assigned to process): 671M, peak: 780M
current process commit charge ("private bytes"): 831M, peak: 834M

vm_info: OpenJDK 64-Bit Server VM (11.0.11+9-b60-7590822) for windows-amd64 JRE (11.0.11+9-b60-7590822), built on Jul 29 2021 21:43:44 by "builder" with MS VC++ 14.0 (VS2015)

END.
